ARM GAS  C:\Users\sucra\AppData\Local\Temp\ccsmGmeY.s 			page 1


   1              		.syntax unified
   2              		.cpu cortex-m3
   3              		.fpu softvfp
   4              		.eabi_attribute 20, 1
   5              		.eabi_attribute 21, 1
   6              		.eabi_attribute 23, 3
   7              		.eabi_attribute 24, 1
   8              		.eabi_attribute 25, 1
   9              		.eabi_attribute 26, 1
  10              		.eabi_attribute 30, 1
  11              		.eabi_attribute 34, 1
  12              		.eabi_attribute 18, 4
  13              		.thumb
  14              		.syntax unified
  15              		.file	"cymetadata.c"
  16              		.text
  17              	.Ltext0:
  18              		.cfi_sections	.debug_frame
  19              		.global	cy_metadata
  20              		.global	cy_meta_flashprotect
  21              		.global	cy_meta_wonvl
  22              		.global	cy_meta_custnvl
  23              		.global	cy_meta_configecc
  24              		.section	.cyconfigecc,"a",%progbits
  25              		.align	2
  26              		.type	cy_meta_configecc, %object
  27              		.size	cy_meta_configecc, 1864
  28              	cy_meta_configecc:
  29 0000 01       		.byte	1
  30 0001 45       		.byte	69
  31 0002 00       		.byte	0
  32 0003 40       		.byte	64
  33 0004 04       		.byte	4
  34 0005 4F       		.byte	79
  35 0006 00       		.byte	0
  36 0007 40       		.byte	64
  37 0008 04       		.byte	4
  38 0009 52       		.byte	82
  39 000a 00       		.byte	0
  40 000b 40       		.byte	64
  41 000c 03       		.byte	3
  42 000d 64       		.byte	100
  43 000e 00       		.byte	0
  44 000f 40       		.byte	64
  45 0010 03       		.byte	3
  46 0011 65       		.byte	101
  47 0012 00       		.byte	0
  48 0013 40       		.byte	64
  49 0014 02       		.byte	2
  50 0015 03       		.byte	3
  51 0016 01       		.byte	1
  52 0017 40       		.byte	64
  53 0018 65       		.byte	101
  54 0019 04       		.byte	4
  55 001a 01       		.byte	1
  56 001b 40       		.byte	64
  57 001c 38       		.byte	56
ARM GAS  C:\Users\sucra\AppData\Local\Temp\ccsmGmeY.s 			page 2


  58 001d 05       		.byte	5
  59 001e 01       		.byte	1
  60 001f 40       		.byte	64
  61 0020 2F       		.byte	47
  62 0021 07       		.byte	7
  63 0022 01       		.byte	1
  64 0023 40       		.byte	64
  65 0024 01       		.byte	1
  66 0025 09       		.byte	9
  67 0026 01       		.byte	1
  68 0027 40       		.byte	64
  69 0028 02       		.byte	2
  70 0029 0B       		.byte	11
  71 002a 01       		.byte	1
  72 002b 40       		.byte	64
  73 002c 45       		.byte	69
  74 002d 0C       		.byte	12
  75 002e 01       		.byte	1
  76 002f 40       		.byte	64
  77 0030 21       		.byte	33
  78 0031 0D       		.byte	13
  79 0032 01       		.byte	1
  80 0033 40       		.byte	64
  81 0034 01       		.byte	1
  82 0035 0F       		.byte	15
  83 0036 01       		.byte	1
  84 0037 40       		.byte	64
  85 0038 3C       		.byte	60
  86 0039 14       		.byte	20
  87 003a 01       		.byte	1
  88 003b 40       		.byte	64
  89 003c 26       		.byte	38
  90 003d 15       		.byte	21
  91 003e 01       		.byte	1
  92 003f 40       		.byte	64
  93 0040 56       		.byte	86
  94 0041 16       		.byte	22
  95 0042 01       		.byte	1
  96 0043 40       		.byte	64
  97 0044 3D       		.byte	61
  98 0045 17       		.byte	23
  99 0046 01       		.byte	1
 100 0047 40       		.byte	64
 101 0048 42       		.byte	66
 102 0049 18       		.byte	24
 103 004a 01       		.byte	1
 104 004b 40       		.byte	64
 105 004c 1D       		.byte	29
 106 004d 19       		.byte	25
 107 004e 01       		.byte	1
 108 004f 40       		.byte	64
 109 0050 04       		.byte	4
 110 0051 1B       		.byte	27
 111 0052 01       		.byte	1
 112 0053 40       		.byte	64
 113 0054 07       		.byte	7
 114 0055 40       		.byte	64
ARM GAS  C:\Users\sucra\AppData\Local\Temp\ccsmGmeY.s 			page 3


 115 0056 01       		.byte	1
 116 0057 40       		.byte	64
 117 0058 0F       		.byte	15
 118 0059 41       		.byte	65
 119 005a 01       		.byte	1
 120 005b 40       		.byte	64
 121 005c 0A       		.byte	10
 122 005d 42       		.byte	66
 123 005e 01       		.byte	1
 124 005f 40       		.byte	64
 125 0060 09       		.byte	9
 126 0061 43       		.byte	67
 127 0062 01       		.byte	1
 128 0063 40       		.byte	64
 129 0064 07       		.byte	7
 130 0065 44       		.byte	68
 131 0066 01       		.byte	1
 132 0067 40       		.byte	64
 133 0068 05       		.byte	5
 134 0069 45       		.byte	69
 135 006a 01       		.byte	1
 136 006b 40       		.byte	64
 137 006c 05       		.byte	5
 138 006d 46       		.byte	70
 139 006e 01       		.byte	1
 140 006f 40       		.byte	64
 141 0070 06       		.byte	6
 142 0071 47       		.byte	71
 143 0072 01       		.byte	1
 144 0073 40       		.byte	64
 145 0074 0B       		.byte	11
 146 0075 48       		.byte	72
 147 0076 01       		.byte	1
 148 0077 40       		.byte	64
 149 0078 03       		.byte	3
 150 0079 49       		.byte	73
 151 007a 01       		.byte	1
 152 007b 40       		.byte	64
 153 007c 05       		.byte	5
 154 007d 4C       		.byte	76
 155 007e 01       		.byte	1
 156 007f 40       		.byte	64
 157 0080 03       		.byte	3
 158 0081 4D       		.byte	77
 159 0082 01       		.byte	1
 160 0083 40       		.byte	64
 161 0084 08       		.byte	8
 162 0085 50       		.byte	80
 163 0086 01       		.byte	1
 164 0087 40       		.byte	64
 165 0088 02       		.byte	2
 166 0089 51       		.byte	81
 167 008a 01       		.byte	1
 168 008b 40       		.byte	64
 169 008c 7E       		.byte	126
 170 008d 02       		.byte	2
 171 008e 01       		.byte	1
ARM GAS  C:\Users\sucra\AppData\Local\Temp\ccsmGmeY.s 			page 4


 172 008f 80       		.byte	-128
 173 0090 0A       		.byte	10
 174 0091 4B       		.byte	75
 175 0092 0D       		.byte	13
 176 0093 80       		.byte	-128
 177 0094 16       		.byte	22
 178 0095 4B       		.byte	75
 179 0096 09       		.byte	9
 180 0097 20       		.byte	32
 181 0098 10       		.byte	16
 182 0099 80       		.byte	-128
 183 009a 79       		.byte	121
 184 009b 04       		.byte	4
 185 009c 7C       		.byte	124
 186 009d 42       		.byte	66
 187 009e 85       		.byte	-123
 188 009f 0F       		.byte	15
 189 00a0 86       		.byte	-122
 190 00a1 38       		.byte	56
 191 00a2 8D       		.byte	-115
 192 00a3 0D       		.byte	13
 193 00a4 84       		.byte	-124
 194 00a5 0D       		.byte	13
 195 00a6 86       		.byte	-122
 196 00a7 72       		.byte	114
 197 00a8 89       		.byte	-119
 198 00a9 0D       		.byte	13
 199 00aa E2       		.byte	-30
 200 00ab 02       		.byte	2
 201 00ac EA       		.byte	-22
 202 00ad 06       		.byte	6
 203 00ae 06       		.byte	6
 204 00af 18       		.byte	24
 205 00b0 0C       		.byte	12
 206 00b1 01       		.byte	1
 207 00b2 0E       		.byte	14
 208 00b3 0C       		.byte	12
 209 00b4 0F       		.byte	15
 210 00b5 13       		.byte	19
 211 00b6 10       		.byte	16
 212 00b7 01       		.byte	1
 213 00b8 12       		.byte	18
 214 00b9 14       		.byte	20
 215 00ba 16       		.byte	22
 216 00bb 08       		.byte	8
 217 00bc 17       		.byte	23
 218 00bd 08       		.byte	8
 219 00be 19       		.byte	25
 220 00bf 2C       		.byte	44
 221 00c0 1B       		.byte	27
 222 00c1 03       		.byte	3
 223 00c2 21       		.byte	33
 224 00c3 31       		.byte	49
 225 00c4 23       		.byte	35
 226 00c5 0E       		.byte	14
 227 00c6 24       		.byte	36
 228 00c7 18       		.byte	24
ARM GAS  C:\Users\sucra\AppData\Local\Temp\ccsmGmeY.s 			page 5


 229 00c8 26       		.byte	38
 230 00c9 05       		.byte	5
 231 00ca 2B       		.byte	43
 232 00cb 0C       		.byte	12
 233 00cc 2C       		.byte	44
 234 00cd 02       		.byte	2
 235 00ce 2D       		.byte	45
 236 00cf 31       		.byte	49
 237 00d0 2E       		.byte	46
 238 00d1 04       		.byte	4
 239 00d2 2F       		.byte	47
 240 00d3 06       		.byte	6
 241 00d4 30       		.byte	48
 242 00d5 1C       		.byte	28
 243 00d6 31       		.byte	49
 244 00d7 30       		.byte	48
 245 00d8 34       		.byte	52
 246 00d9 03       		.byte	3
 247 00da 35       		.byte	53
 248 00db 0F       		.byte	15
 249 00dc 38       		.byte	56
 250 00dd 20       		.byte	32
 251 00de 39       		.byte	57
 252 00df 02       		.byte	2
 253 00e0 3A       		.byte	58
 254 00e1 02       		.byte	2
 255 00e2 3B       		.byte	59
 256 00e3 20       		.byte	32
 257 00e4 3F       		.byte	63
 258 00e5 01       		.byte	1
 259 00e6 40       		.byte	64
 260 00e7 04       		.byte	4
 261 00e8 47       		.byte	71
 262 00e9 04       		.byte	4
 263 00ea 49       		.byte	73
 264 00eb FF       		.byte	-1
 265 00ec 4A       		.byte	74
 266 00ed 07       		.byte	7
 267 00ee 4B       		.byte	75
 268 00ef FF       		.byte	-1
 269 00f0 4C       		.byte	76
 270 00f1 40       		.byte	64
 271 00f2 4D       		.byte	77
 272 00f3 20       		.byte	32
 273 00f4 4E       		.byte	78
 274 00f5 F0       		.byte	-16
 275 00f6 4F       		.byte	79
 276 00f7 05       		.byte	5
 277 00f8 50       		.byte	80
 278 00f9 08       		.byte	8
 279 00fa 58       		.byte	88
 280 00fb 04       		.byte	4
 281 00fc 59       		.byte	89
 282 00fd 04       		.byte	4
 283 00fe 5A       		.byte	90
 284 00ff 04       		.byte	4
 285 0100 5C       		.byte	92
ARM GAS  C:\Users\sucra\AppData\Local\Temp\ccsmGmeY.s 			page 6


 286 0101 33       		.byte	51
 287 0102 5D       		.byte	93
 288 0103 03       		.byte	3
 289 0104 5F       		.byte	95
 290 0105 01       		.byte	1
 291 0106 60       		.byte	96
 292 0107 40       		.byte	64
 293 0108 61       		.byte	97
 294 0109 A8       		.byte	-88
 295 010a 62       		.byte	98
 296 010b 40       		.byte	64
 297 010c 63       		.byte	99
 298 010d 20       		.byte	32
 299 010e 80       		.byte	-128
 300 010f 03       		.byte	3
 301 0110 82       		.byte	-126
 302 0111 04       		.byte	4
 303 0112 87       		.byte	-121
 304 0113 02       		.byte	2
 305 0114 89       		.byte	-119
 306 0115 24       		.byte	36
 307 0116 8A       		.byte	-118
 308 0117 08       		.byte	8
 309 0118 8B       		.byte	-117
 310 0119 40       		.byte	64
 311 011a 8C       		.byte	-116
 312 011b 03       		.byte	3
 313 011c 8E       		.byte	-114
 314 011d 0C       		.byte	12
 315 011e 91       		.byte	-111
 316 011f 32       		.byte	50
 317 0120 93       		.byte	-109
 318 0121 44       		.byte	68
 319 0122 97       		.byte	-105
 320 0123 0C       		.byte	12
 321 0124 98       		.byte	-104
 322 0125 03       		.byte	3
 323 0126 99       		.byte	-103
 324 0127 70       		.byte	112
 325 0128 9A       		.byte	-102
 326 0129 04       		.byte	4
 327 012a 9B       		.byte	-101
 328 012b 0A       		.byte	10
 329 012c 9D       		.byte	-99
 330 012d 01       		.byte	1
 331 012e A1       		.byte	-95
 332 012f 42       		.byte	66
 333 0130 A2       		.byte	-94
 334 0131 05       		.byte	5
 335 0132 A3       		.byte	-93
 336 0133 30       		.byte	48
 337 0134 A5       		.byte	-91
 338 0135 50       		.byte	80
 339 0136 A8       		.byte	-88
 340 0137 0A       		.byte	10
 341 0138 A9       		.byte	-87
 342 0139 40       		.byte	64
ARM GAS  C:\Users\sucra\AppData\Local\Temp\ccsmGmeY.s 			page 7


 343 013a AA       		.byte	-86
 344 013b 04       		.byte	4
 345 013c AF       		.byte	-81
 346 013d 02       		.byte	2
 347 013e B3       		.byte	-77
 348 013f 7C       		.byte	124
 349 0140 B5       		.byte	-75
 350 0141 01       		.byte	1
 351 0142 B6       		.byte	-74
 352 0143 0F       		.byte	15
 353 0144 B7       		.byte	-73
 354 0145 02       		.byte	2
 355 0146 BA       		.byte	-70
 356 0147 80       		.byte	-128
 357 0148 BF       		.byte	-65
 358 0149 50       		.byte	80
 359 014a C0       		.byte	-64
 360 014b 45       		.byte	69
 361 014c C1       		.byte	-63
 362 014d 01       		.byte	1
 363 014e C5       		.byte	-59
 364 014f E0       		.byte	-32
 365 0150 C6       		.byte	-58
 366 0151 B0       		.byte	-80
 367 0152 C7       		.byte	-57
 368 0153 0C       		.byte	12
 369 0154 C8       		.byte	-56
 370 0155 1A       		.byte	26
 371 0156 C9       		.byte	-55
 372 0157 FF       		.byte	-1
 373 0158 CA       		.byte	-54
 374 0159 FF       		.byte	-1
 375 015a CB       		.byte	-53
 376 015b FF       		.byte	-1
 377 015c CE       		.byte	-50
 378 015d F0       		.byte	-16
 379 015e CF       		.byte	-49
 380 015f 44       		.byte	68
 381 0160 D0       		.byte	-48
 382 0161 0C       		.byte	12
 383 0162 D4       		.byte	-44
 384 0163 01       		.byte	1
 385 0164 D8       		.byte	-40
 386 0165 04       		.byte	4
 387 0166 D9       		.byte	-39
 388 0167 04       		.byte	4
 389 0168 DA       		.byte	-38
 390 0169 04       		.byte	4
 391 016a DB       		.byte	-37
 392 016b 04       		.byte	4
 393 016c DC       		.byte	-36
 394 016d 33       		.byte	51
 395 016e DD       		.byte	-35
 396 016f 33       		.byte	51
 397 0170 DF       		.byte	-33
 398 0171 01       		.byte	1
 399 0172 E6       		.byte	-26
ARM GAS  C:\Users\sucra\AppData\Local\Temp\ccsmGmeY.s 			page 8


 400 0173 C0       		.byte	-64
 401 0174 EA       		.byte	-22
 402 0175 40       		.byte	64
 403 0176 EB       		.byte	-21
 404 0177 02       		.byte	2
 405 0178 00       		.byte	0
 406 0179 04       		.byte	4
 407 017a 03       		.byte	3
 408 017b 02       		.byte	2
 409 017c 05       		.byte	5
 410 017d 51       		.byte	81
 411 017e 09       		.byte	9
 412 017f 08       		.byte	8
 413 0180 0B       		.byte	11
 414 0181 80       		.byte	-128
 415 0182 0F       		.byte	15
 416 0183 08       		.byte	8
 417 0184 12       		.byte	18
 418 0185 20       		.byte	32
 419 0186 13       		.byte	19
 420 0187 40       		.byte	64
 421 0188 15       		.byte	21
 422 0189 20       		.byte	32
 423 018a 16       		.byte	22
 424 018b 80       		.byte	-128
 425 018c 18       		.byte	24
 426 018d 04       		.byte	4
 427 018e 19       		.byte	25
 428 018f 11       		.byte	17
 429 0190 1B       		.byte	27
 430 0191 12       		.byte	18
 431 0192 1D       		.byte	29
 432 0193 40       		.byte	64
 433 0194 1F       		.byte	31
 434 0195 40       		.byte	64
 435 0196 20       		.byte	32
 436 0197 40       		.byte	64
 437 0198 21       		.byte	33
 438 0199 30       		.byte	48
 439 019a 22       		.byte	34
 440 019b 20       		.byte	32
 441 019c 26       		.byte	38
 442 019d 48       		.byte	72
 443 019e 27       		.byte	39
 444 019f 08       		.byte	8
 445 01a0 29       		.byte	41
 446 01a1 51       		.byte	81
 447 01a2 2A       		.byte	42
 448 01a3 40       		.byte	64
 449 01a4 2E       		.byte	46
 450 01a5 80       		.byte	-128
 451 01a6 2F       		.byte	47
 452 01a7 68       		.byte	104
 453 01a8 31       		.byte	49
 454 01a9 20       		.byte	32
 455 01aa 33       		.byte	51
 456 01ab 08       		.byte	8
ARM GAS  C:\Users\sucra\AppData\Local\Temp\ccsmGmeY.s 			page 9


 457 01ac 34       		.byte	52
 458 01ad 01       		.byte	1
 459 01ae 35       		.byte	53
 460 01af 01       		.byte	1
 461 01b0 36       		.byte	54
 462 01b1 A8       		.byte	-88
 463 01b2 38       		.byte	56
 464 01b3 80       		.byte	-128
 465 01b4 3A       		.byte	58
 466 01b5 80       		.byte	-128
 467 01b6 3B       		.byte	59
 468 01b7 40       		.byte	64
 469 01b8 3F       		.byte	63
 470 01b9 28       		.byte	40
 471 01ba 40       		.byte	64
 472 01bb 40       		.byte	64
 473 01bc 44       		.byte	68
 474 01bd 01       		.byte	1
 475 01be 46       		.byte	70
 476 01bf 40       		.byte	64
 477 01c0 4D       		.byte	77
 478 01c1 01       		.byte	1
 479 01c2 4E       		.byte	78
 480 01c3 80       		.byte	-128
 481 01c4 4F       		.byte	79
 482 01c5 40       		.byte	64
 483 01c6 50       		.byte	80
 484 01c7 40       		.byte	64
 485 01c8 51       		.byte	81
 486 01c9 08       		.byte	8
 487 01ca 53       		.byte	83
 488 01cb 08       		.byte	8
 489 01cc 57       		.byte	87
 490 01cd 24       		.byte	36
 491 01ce 5C       		.byte	92
 492 01cf 20       		.byte	32
 493 01d0 5D       		.byte	93
 494 01d1 01       		.byte	1
 495 01d2 5E       		.byte	94
 496 01d3 80       		.byte	-128
 497 01d4 5F       		.byte	95
 498 01d5 08       		.byte	8
 499 01d6 C0       		.byte	-64
 500 01d7 D5       		.byte	-43
 501 01d8 C2       		.byte	-62
 502 01d9 4C       		.byte	76
 503 01da C4       		.byte	-60
 504 01db 55       		.byte	85
 505 01dc CA       		.byte	-54
 506 01dd FD       		.byte	-3
 507 01de CC       		.byte	-52
 508 01df F6       		.byte	-10
 509 01e0 CE       		.byte	-50
 510 01e1 68       		.byte	104
 511 01e2 D0       		.byte	-48
 512 01e3 91       		.byte	-111
 513 01e4 D2       		.byte	-46
ARM GAS  C:\Users\sucra\AppData\Local\Temp\ccsmGmeY.s 			page 10


 514 01e5 10       		.byte	16
 515 01e6 D6       		.byte	-42
 516 01e7 F0       		.byte	-16
 517 01e8 04       		.byte	4
 518 01e9 03       		.byte	3
 519 01ea 05       		.byte	5
 520 01eb 90       		.byte	-112
 521 01ec 06       		.byte	6
 522 01ed 08       		.byte	8
 523 01ee 07       		.byte	7
 524 01ef 20       		.byte	32
 525 01f0 0D       		.byte	13
 526 01f1 20       		.byte	32
 527 01f2 0E       		.byte	14
 528 01f3 40       		.byte	64
 529 01f4 0F       		.byte	15
 530 01f5 22       		.byte	34
 531 01f6 14       		.byte	20
 532 01f7 01       		.byte	1
 533 01f8 16       		.byte	22
 534 01f9 44       		.byte	68
 535 01fa 17       		.byte	23
 536 01fb 08       		.byte	8
 537 01fc 1C       		.byte	28
 538 01fd 01       		.byte	1
 539 01fe 1E       		.byte	30
 540 01ff 40       		.byte	64
 541 0200 1F       		.byte	31
 542 0201 24       		.byte	36
 543 0202 26       		.byte	38
 544 0203 11       		.byte	17
 545 0204 27       		.byte	39
 546 0205 18       		.byte	24
 547 0206 2D       		.byte	45
 548 0207 80       		.byte	-128
 549 0208 2E       		.byte	46
 550 0209 08       		.byte	8
 551 020a 2F       		.byte	47
 552 020b 08       		.byte	8
 553 020c 34       		.byte	52
 554 020d 01       		.byte	1
 555 020e 36       		.byte	54
 556 020f 80       		.byte	-128
 557 0210 37       		.byte	55
 558 0211 28       		.byte	40
 559 0212 3C       		.byte	60
 560 0213 04       		.byte	4
 561 0214 3D       		.byte	61
 562 0215 02       		.byte	2
 563 0216 3F       		.byte	63
 564 0217 A0       		.byte	-96
 565 0218 45       		.byte	69
 566 0219 01       		.byte	1
 567 021a 46       		.byte	70
 568 021b 40       		.byte	64
 569 021c 47       		.byte	71
 570 021d 18       		.byte	24
ARM GAS  C:\Users\sucra\AppData\Local\Temp\ccsmGmeY.s 			page 11


 571 021e 4C       		.byte	76
 572 021f 05       		.byte	5
 573 0220 4F       		.byte	79
 574 0221 22       		.byte	34
 575 0222 55       		.byte	85
 576 0223 20       		.byte	32
 577 0224 5E       		.byte	94
 578 0225 02       		.byte	2
 579 0226 67       		.byte	103
 580 0227 8A       		.byte	-118
 581 0228 87       		.byte	-121
 582 0229 40       		.byte	64
 583 022a A2       		.byte	-94
 584 022b 08       		.byte	8
 585 022c A8       		.byte	-88
 586 022d 20       		.byte	32
 587 022e AB       		.byte	-85
 588 022f 04       		.byte	4
 589 0230 C0       		.byte	-64
 590 0231 F0       		.byte	-16
 591 0232 C2       		.byte	-62
 592 0233 F0       		.byte	-16
 593 0234 C4       		.byte	-60
 594 0235 F0       		.byte	-16
 595 0236 CA       		.byte	-54
 596 0237 70       		.byte	112
 597 0238 CC       		.byte	-52
 598 0239 F0       		.byte	-16
 599 023a CE       		.byte	-50
 600 023b F0       		.byte	-16
 601 023c D0       		.byte	-48
 602 023d E0       		.byte	-32
 603 023e D2       		.byte	-46
 604 023f 30       		.byte	48
 605 0240 D6       		.byte	-42
 606 0241 80       		.byte	-128
 607 0242 D8       		.byte	-40
 608 0243 B0       		.byte	-80
 609 0244 EA       		.byte	-22
 610 0245 04       		.byte	4
 611 0246 AB       		.byte	-85
 612 0247 10       		.byte	16
 613 0248 9B       		.byte	-101
 614 0249 10       		.byte	16
 615 024a B3       		.byte	-77
 616 024b 10       		.byte	16
 617 024c 2E       		.byte	46
 618 024d 01       		.byte	1
 619 024e 36       		.byte	54
 620 024f 01       		.byte	1
 621 0250 39       		.byte	57
 622 0251 08       		.byte	8
 623 0252 3F       		.byte	63
 624 0253 04       		.byte	4
 625 0254 40       		.byte	64
 626 0255 10       		.byte	16
 627 0256 41       		.byte	65
ARM GAS  C:\Users\sucra\AppData\Local\Temp\ccsmGmeY.s 			page 12


 628 0257 06       		.byte	6
 629 0258 49       		.byte	73
 630 0259 FF       		.byte	-1
 631 025a 4A       		.byte	74
 632 025b FF       		.byte	-1
 633 025c 4B       		.byte	75
 634 025d FF       		.byte	-1
 635 025e 4D       		.byte	77
 636 025f A0       		.byte	-96
 637 0260 4F       		.byte	79
 638 0261 04       		.byte	4
 639 0262 50       		.byte	80
 640 0263 18       		.byte	24
 641 0264 52       		.byte	82
 642 0265 80       		.byte	-128
 643 0266 58       		.byte	88
 644 0267 04       		.byte	4
 645 0268 59       		.byte	89
 646 0269 04       		.byte	4
 647 026a 5A       		.byte	90
 648 026b 04       		.byte	4
 649 026c 5B       		.byte	91
 650 026d 04       		.byte	4
 651 026e 5C       		.byte	92
 652 026f 02       		.byte	2
 653 0270 5D       		.byte	93
 654 0271 22       		.byte	34
 655 0272 5F       		.byte	95
 656 0273 01       		.byte	1
 657 0274 60       		.byte	96
 658 0275 40       		.byte	64
 659 0276 62       		.byte	98
 660 0277 C0       		.byte	-64
 661 0278 64       		.byte	100
 662 0279 40       		.byte	64
 663 027a 65       		.byte	101
 664 027b 40       		.byte	64
 665 027c 66       		.byte	102
 666 027d C0       		.byte	-64
 667 027e 68       		.byte	104
 668 027f C0       		.byte	-64
 669 0280 6A       		.byte	106
 670 0281 C0       		.byte	-64
 671 0282 6C       		.byte	108
 672 0283 C0       		.byte	-64
 673 0284 6E       		.byte	110
 674 0285 C0       		.byte	-64
 675 0286 9B       		.byte	-101
 676 0287 03       		.byte	3
 677 0288 9E       		.byte	-98
 678 0289 01       		.byte	1
 679 028a 9F       		.byte	-97
 680 028b 02       		.byte	2
 681 028c A1       		.byte	-95
 682 028d 01       		.byte	1
 683 028e A6       		.byte	-90
 684 028f 02       		.byte	2
ARM GAS  C:\Users\sucra\AppData\Local\Temp\ccsmGmeY.s 			page 13


 685 0290 AA       		.byte	-86
 686 0291 01       		.byte	1
 687 0292 B0       		.byte	-80
 688 0293 02       		.byte	2
 689 0294 B1       		.byte	-79
 690 0295 01       		.byte	1
 691 0296 B3       		.byte	-77
 692 0297 02       		.byte	2
 693 0298 B4       		.byte	-76
 694 0299 01       		.byte	1
 695 029a BE       		.byte	-66
 696 029b 10       		.byte	16
 697 029c C0       		.byte	-64
 698 029d 10       		.byte	16
 699 029e C1       		.byte	-63
 700 029f 06       		.byte	6
 701 02a0 C5       		.byte	-59
 702 02a1 D1       		.byte	-47
 703 02a2 C7       		.byte	-57
 704 02a3 02       		.byte	2
 705 02a4 C8       		.byte	-56
 706 02a5 13       		.byte	19
 707 02a6 C9       		.byte	-55
 708 02a7 FF       		.byte	-1
 709 02a8 CA       		.byte	-54
 710 02a9 FF       		.byte	-1
 711 02aa CB       		.byte	-53
 712 02ab FF       		.byte	-1
 713 02ac CD       		.byte	-51
 714 02ad AF       		.byte	-81
 715 02ae CE       		.byte	-50
 716 02af 0F       		.byte	15
 717 02b0 CF       		.byte	-49
 718 02b1 04       		.byte	4
 719 02b2 D0       		.byte	-48
 720 02b3 18       		.byte	24
 721 02b4 D4       		.byte	-44
 722 02b5 05       		.byte	5
 723 02b6 D8       		.byte	-40
 724 02b7 04       		.byte	4
 725 02b8 D9       		.byte	-39
 726 02b9 04       		.byte	4
 727 02ba DA       		.byte	-38
 728 02bb 04       		.byte	4
 729 02bc DB       		.byte	-37
 730 02bd 04       		.byte	4
 731 02be DC       		.byte	-36
 732 02bf 22       		.byte	34
 733 02c0 DD       		.byte	-35
 734 02c1 22       		.byte	34
 735 02c2 DF       		.byte	-33
 736 02c3 01       		.byte	1
 737 02c4 E0       		.byte	-32
 738 02c5 40       		.byte	64
 739 02c6 E2       		.byte	-30
 740 02c7 C0       		.byte	-64
 741 02c8 E4       		.byte	-28
ARM GAS  C:\Users\sucra\AppData\Local\Temp\ccsmGmeY.s 			page 14


 742 02c9 40       		.byte	64
 743 02ca E5       		.byte	-27
 744 02cb 40       		.byte	64
 745 02cc E6       		.byte	-26
 746 02cd C0       		.byte	-64
 747 02ce E8       		.byte	-24
 748 02cf C0       		.byte	-64
 749 02d0 EA       		.byte	-22
 750 02d1 C0       		.byte	-64
 751 02d2 EC       		.byte	-20
 752 02d3 C0       		.byte	-64
 753 02d4 EE       		.byte	-18
 754 02d5 C0       		.byte	-64
 755 02d6 09       		.byte	9
 756 02d7 80       		.byte	-128
 757 02d8 10       		.byte	16
 758 02d9 20       		.byte	32
 759 02da 12       		.byte	18
 760 02db 08       		.byte	8
 761 02dc 17       		.byte	23
 762 02dd 40       		.byte	64
 763 02de 19       		.byte	25
 764 02df 02       		.byte	2
 765 02e0 1A       		.byte	26
 766 02e1 04       		.byte	4
 767 02e2 1D       		.byte	29
 768 02e3 80       		.byte	-128
 769 02e4 23       		.byte	35
 770 02e5 90       		.byte	-112
 771 02e6 27       		.byte	39
 772 02e7 10       		.byte	16
 773 02e8 29       		.byte	41
 774 02e9 02       		.byte	2
 775 02ea 30       		.byte	48
 776 02eb 20       		.byte	32
 777 02ec 31       		.byte	49
 778 02ed 80       		.byte	-128
 779 02ee 41       		.byte	65
 780 02ef 80       		.byte	-128
 781 02f0 45       		.byte	69
 782 02f1 80       		.byte	-128
 783 02f2 48       		.byte	72
 784 02f3 20       		.byte	32
 785 02f4 49       		.byte	73
 786 02f5 01       		.byte	1
 787 02f6 4A       		.byte	74
 788 02f7 08       		.byte	8
 789 02f8 4E       		.byte	78
 790 02f9 08       		.byte	8
 791 02fa 52       		.byte	82
 792 02fb 08       		.byte	8
 793 02fc 59       		.byte	89
 794 02fd 01       		.byte	1
 795 02fe 5A       		.byte	90
 796 02ff 04       		.byte	4
 797 0300 5B       		.byte	91
 798 0301 80       		.byte	-128
ARM GAS  C:\Users\sucra\AppData\Local\Temp\ccsmGmeY.s 			page 15


 799 0302 77       		.byte	119
 800 0303 40       		.byte	64
 801 0304 9F       		.byte	-97
 802 0305 10       		.byte	16
 803 0306 C2       		.byte	-62
 804 0307 01       		.byte	1
 805 0308 C4       		.byte	-60
 806 0309 86       		.byte	-122
 807 030a CA       		.byte	-54
 808 030b 01       		.byte	1
 809 030c CC       		.byte	-52
 810 030d 0C       		.byte	12
 811 030e D0       		.byte	-48
 812 030f 18       		.byte	24
 813 0310 D2       		.byte	-46
 814 0311 24       		.byte	36
 815 0312 D6       		.byte	-42
 816 0313 0B       		.byte	11
 817 0314 E2       		.byte	-30
 818 0315 02       		.byte	2
 819 0316 EA       		.byte	-22
 820 0317 06       		.byte	6
 821 0318 8F       		.byte	-113
 822 0319 10       		.byte	16
 823 031a 0E       		.byte	14
 824 031b 01       		.byte	1
 825 031c 12       		.byte	18
 826 031d 01       		.byte	1
 827 031e 36       		.byte	54
 828 031f 01       		.byte	1
 829 0320 3E       		.byte	62
 830 0321 40       		.byte	64
 831 0322 40       		.byte	64
 832 0323 45       		.byte	69
 833 0324 49       		.byte	73
 834 0325 FF       		.byte	-1
 835 0326 4A       		.byte	74
 836 0327 FF       		.byte	-1
 837 0328 4B       		.byte	75
 838 0329 FF       		.byte	-1
 839 032a 4F       		.byte	79
 840 032b 01       		.byte	1
 841 032c 50       		.byte	80
 842 032d 18       		.byte	24
 843 032e 52       		.byte	82
 844 032f 80       		.byte	-128
 845 0330 54       		.byte	84
 846 0331 01       		.byte	1
 847 0332 58       		.byte	88
 848 0333 04       		.byte	4
 849 0334 5A       		.byte	90
 850 0335 04       		.byte	4
 851 0336 5B       		.byte	91
 852 0337 04       		.byte	4
 853 0338 5D       		.byte	93
 854 0339 99       		.byte	-103
 855 033a 5F       		.byte	95
ARM GAS  C:\Users\sucra\AppData\Local\Temp\ccsmGmeY.s 			page 16


 856 033b 01       		.byte	1
 857 033c 60       		.byte	96
 858 033d 40       		.byte	64
 859 033e 62       		.byte	98
 860 033f 40       		.byte	64
 861 0340 64       		.byte	100
 862 0341 40       		.byte	64
 863 0342 65       		.byte	101
 864 0343 40       		.byte	64
 865 0344 66       		.byte	102
 866 0345 80       		.byte	-128
 867 0346 68       		.byte	104
 868 0347 80       		.byte	-128
 869 0348 6A       		.byte	106
 870 0349 80       		.byte	-128
 871 034a 6C       		.byte	108
 872 034b 80       		.byte	-128
 873 034c 6E       		.byte	110
 874 034d 80       		.byte	-128
 875 034e 88       		.byte	-120
 876 034f 04       		.byte	4
 877 0350 8A       		.byte	-118
 878 0351 02       		.byte	2
 879 0352 8F       		.byte	-113
 880 0353 01       		.byte	1
 881 0354 90       		.byte	-112
 882 0355 02       		.byte	2
 883 0356 92       		.byte	-110
 884 0357 05       		.byte	5
 885 0358 94       		.byte	-108
 886 0359 06       		.byte	6
 887 035a 98       		.byte	-104
 888 035b 06       		.byte	6
 889 035c AF       		.byte	-81
 890 035d 01       		.byte	1
 891 035e B0       		.byte	-80
 892 035f 01       		.byte	1
 893 0360 B1       		.byte	-79
 894 0361 01       		.byte	1
 895 0362 B2       		.byte	-78
 896 0363 06       		.byte	6
 897 0364 C0       		.byte	-64
 898 0365 41       		.byte	65
 899 0366 C9       		.byte	-55
 900 0367 FF       		.byte	-1
 901 0368 CA       		.byte	-54
 902 0369 FF       		.byte	-1
 903 036a CB       		.byte	-53
 904 036b FF       		.byte	-1
 905 036c CD       		.byte	-51
 906 036d 83       		.byte	-125
 907 036e CE       		.byte	-50
 908 036f 03       		.byte	3
 909 0370 CF       		.byte	-49
 910 0371 01       		.byte	1
 911 0372 D0       		.byte	-48
 912 0373 18       		.byte	24
ARM GAS  C:\Users\sucra\AppData\Local\Temp\ccsmGmeY.s 			page 17


 913 0374 D8       		.byte	-40
 914 0375 04       		.byte	4
 915 0376 D9       		.byte	-39
 916 0377 04       		.byte	4
 917 0378 DA       		.byte	-38
 918 0379 04       		.byte	4
 919 037a DC       		.byte	-36
 920 037b 93       		.byte	-109
 921 037c DD       		.byte	-35
 922 037d 09       		.byte	9
 923 037e DF       		.byte	-33
 924 037f 01       		.byte	1
 925 0380 E0       		.byte	-32
 926 0381 40       		.byte	64
 927 0382 E2       		.byte	-30
 928 0383 40       		.byte	64
 929 0384 E4       		.byte	-28
 930 0385 40       		.byte	64
 931 0386 E5       		.byte	-27
 932 0387 40       		.byte	64
 933 0388 E6       		.byte	-26
 934 0389 80       		.byte	-128
 935 038a E8       		.byte	-24
 936 038b 80       		.byte	-128
 937 038c EA       		.byte	-22
 938 038d 80       		.byte	-128
 939 038e EC       		.byte	-20
 940 038f 80       		.byte	-128
 941 0390 EE       		.byte	-18
 942 0391 80       		.byte	-128
 943 0392 02       		.byte	2
 944 0393 01       		.byte	1
 945 0394 04       		.byte	4
 946 0395 10       		.byte	16
 947 0396 09       		.byte	9
 948 0397 02       		.byte	2
 949 0398 0C       		.byte	12
 950 0399 08       		.byte	8
 951 039a 0E       		.byte	14
 952 039b 04       		.byte	4
 953 039c 0F       		.byte	15
 954 039d 80       		.byte	-128
 955 039e 19       		.byte	25
 956 039f 80       		.byte	-128
 957 03a0 1C       		.byte	28
 958 03a1 50       		.byte	80
 959 03a2 1F       		.byte	31
 960 03a3 08       		.byte	8
 961 03a4 24       		.byte	36
 962 03a5 80       		.byte	-128
 963 03a6 2C       		.byte	44
 964 03a7 02       		.byte	2
 965 03a8 3F       		.byte	63
 966 03a9 40       		.byte	64
 967 03aa 41       		.byte	65
 968 03ab 02       		.byte	2
 969 03ac 45       		.byte	69
ARM GAS  C:\Users\sucra\AppData\Local\Temp\ccsmGmeY.s 			page 18


 970 03ad 02       		.byte	2
 971 03ae 46       		.byte	70
 972 03af 01       		.byte	1
 973 03b0 48       		.byte	72
 974 03b1 02       		.byte	2
 975 03b2 59       		.byte	89
 976 03b3 85       		.byte	-123
 977 03b4 71       		.byte	113
 978 03b5 02       		.byte	2
 979 03b6 73       		.byte	115
 980 03b7 40       		.byte	64
 981 03b8 92       		.byte	-110
 982 03b9 04       		.byte	4
 983 03ba 94       		.byte	-108
 984 03bb C0       		.byte	-64
 985 03bc 99       		.byte	-103
 986 03bd 05       		.byte	5
 987 03be 9A       		.byte	-102
 988 03bf 01       		.byte	1
 989 03c0 A0       		.byte	-96
 990 03c1 0A       		.byte	10
 991 03c2 A3       		.byte	-93
 992 03c3 40       		.byte	64
 993 03c4 A5       		.byte	-91
 994 03c5 02       		.byte	2
 995 03c6 A7       		.byte	-89
 996 03c7 08       		.byte	8
 997 03c8 A8       		.byte	-88
 998 03c9 08       		.byte	8
 999 03ca AA       		.byte	-86
 1000 03cb 20       		.byte	32
 1001 03cc AB       		.byte	-85
 1002 03cd 41       		.byte	65
 1003 03ce C0       		.byte	-64
 1004 03cf 41       		.byte	65
 1005 03d0 C2       		.byte	-62
 1006 03d1 78       		.byte	120
 1007 03d2 CA       		.byte	-54
 1008 03d3 10       		.byte	16
 1009 03d4 CE       		.byte	-50
 1010 03d5 10       		.byte	16
 1011 03d6 D0       		.byte	-48
 1012 03d7 91       		.byte	-111
 1013 03d8 D2       		.byte	-46
 1014 03d9 08       		.byte	8
 1015 03da D6       		.byte	-42
 1016 03db 0B       		.byte	11
 1017 03dc EC       		.byte	-20
 1018 03dd 10       		.byte	16
 1019 03de 01       		.byte	1
 1020 03df 17       		.byte	23
 1021 03e0 02       		.byte	2
 1022 03e1 23       		.byte	35
 1023 03e2 04       		.byte	4
 1024 03e3 04       		.byte	4
 1025 03e4 05       		.byte	5
 1026 03e5 17       		.byte	23
ARM GAS  C:\Users\sucra\AppData\Local\Temp\ccsmGmeY.s 			page 19


 1027 03e6 08       		.byte	8
 1028 03e7 1C       		.byte	28
 1029 03e8 09       		.byte	9
 1030 03e9 02       		.byte	2
 1031 03ea 0A       		.byte	10
 1032 03eb 22       		.byte	34
 1033 03ec 0B       		.byte	11
 1034 03ed 01       		.byte	1
 1035 03ee 0E       		.byte	14
 1036 03ef 04       		.byte	4
 1037 03f0 10       		.byte	16
 1038 03f1 1C       		.byte	28
 1039 03f2 11       		.byte	17
 1040 03f3 10       		.byte	16
 1041 03f4 12       		.byte	18
 1042 03f5 21       		.byte	33
 1043 03f6 14       		.byte	20
 1044 03f7 27       		.byte	39
 1045 03f8 15       		.byte	21
 1046 03f9 08       		.byte	8
 1047 03fa 16       		.byte	22
 1048 03fb 18       		.byte	24
 1049 03fc 18       		.byte	24
 1050 03fd 08       		.byte	8
 1051 03fe 19       		.byte	25
 1052 03ff 08       		.byte	8
 1053 0400 1C       		.byte	28
 1054 0401 10       		.byte	16
 1055 0402 1D       		.byte	29
 1056 0403 01       		.byte	1
 1057 0404 1F       		.byte	31
 1058 0405 06       		.byte	6
 1059 0406 20       		.byte	32
 1060 0407 40       		.byte	64
 1061 0408 24       		.byte	36
 1062 0409 3F       		.byte	63
 1063 040a 25       		.byte	37
 1064 040b 08       		.byte	8
 1065 040c 28       		.byte	40
 1066 040d 18       		.byte	24
 1067 040e 29       		.byte	41
 1068 040f 04       		.byte	4
 1069 0410 2B       		.byte	43
 1070 0411 01       		.byte	1
 1071 0412 2D       		.byte	45
 1072 0413 08       		.byte	8
 1073 0414 30       		.byte	48
 1074 0415 38       		.byte	56
 1075 0416 31       		.byte	49
 1076 0417 10       		.byte	16
 1077 0418 32       		.byte	50
 1078 0419 40       		.byte	64
 1079 041a 33       		.byte	51
 1080 041b 08       		.byte	8
 1081 041c 34       		.byte	52
 1082 041d 1F       		.byte	31
 1083 041e 37       		.byte	55
ARM GAS  C:\Users\sucra\AppData\Local\Temp\ccsmGmeY.s 			page 20


 1084 041f 07       		.byte	7
 1085 0420 3A       		.byte	58
 1086 0421 22       		.byte	34
 1087 0422 3B       		.byte	59
 1088 0423 20       		.byte	32
 1089 0424 3E       		.byte	62
 1090 0425 04       		.byte	4
 1091 0426 3F       		.byte	63
 1092 0427 04       		.byte	4
 1093 0428 40       		.byte	64
 1094 0429 45       		.byte	69
 1095 042a 49       		.byte	73
 1096 042b FF       		.byte	-1
 1097 042c 4A       		.byte	74
 1098 042d FF       		.byte	-1
 1099 042e 4B       		.byte	75
 1100 042f FF       		.byte	-1
 1101 0430 4D       		.byte	77
 1102 0431 83       		.byte	-125
 1103 0432 4E       		.byte	78
 1104 0433 03       		.byte	3
 1105 0434 4F       		.byte	79
 1106 0435 01       		.byte	1
 1107 0436 50       		.byte	80
 1108 0437 18       		.byte	24
 1109 0438 56       		.byte	86
 1110 0439 02       		.byte	2
 1111 043a 57       		.byte	87
 1112 043b 11       		.byte	17
 1113 043c 58       		.byte	88
 1114 043d 04       		.byte	4
 1115 043e 59       		.byte	89
 1116 043f 04       		.byte	4
 1117 0440 5A       		.byte	90
 1118 0441 04       		.byte	4
 1119 0442 5B       		.byte	91
 1120 0443 04       		.byte	4
 1121 0444 5C       		.byte	92
 1122 0445 33       		.byte	51
 1123 0446 5D       		.byte	93
 1124 0447 39       		.byte	57
 1125 0448 5F       		.byte	95
 1126 0449 01       		.byte	1
 1127 044a 60       		.byte	96
 1128 044b 40       		.byte	64
 1129 044c 62       		.byte	98
 1130 044d 40       		.byte	64
 1131 044e 64       		.byte	100
 1132 044f 40       		.byte	64
 1133 0450 65       		.byte	101
 1134 0451 40       		.byte	64
 1135 0452 66       		.byte	102
 1136 0453 80       		.byte	-128
 1137 0454 68       		.byte	104
 1138 0455 80       		.byte	-128
 1139 0456 6A       		.byte	106
 1140 0457 80       		.byte	-128
ARM GAS  C:\Users\sucra\AppData\Local\Temp\ccsmGmeY.s 			page 21


 1141 0458 6C       		.byte	108
 1142 0459 80       		.byte	-128
 1143 045a 6E       		.byte	110
 1144 045b 80       		.byte	-128
 1145 045c C0       		.byte	-64
 1146 045d 45       		.byte	69
 1147 045e C5       		.byte	-59
 1148 045f EC       		.byte	-20
 1149 0460 C7       		.byte	-57
 1150 0461 20       		.byte	32
 1151 0462 C8       		.byte	-56
 1152 0463 23       		.byte	35
 1153 0464 C9       		.byte	-55
 1154 0465 FF       		.byte	-1
 1155 0466 CA       		.byte	-54
 1156 0467 FF       		.byte	-1
 1157 0468 CB       		.byte	-53
 1158 0469 FF       		.byte	-1
 1159 046a CD       		.byte	-51
 1160 046b 83       		.byte	-125
 1161 046c CE       		.byte	-50
 1162 046d 03       		.byte	3
 1163 046e CF       		.byte	-49
 1164 046f 01       		.byte	1
 1165 0470 D0       		.byte	-48
 1166 0471 18       		.byte	24
 1167 0472 DA       		.byte	-38
 1168 0473 04       		.byte	4
 1169 0474 DD       		.byte	-35
 1170 0475 09       		.byte	9
 1171 0476 DF       		.byte	-33
 1172 0477 01       		.byte	1
 1173 0478 E0       		.byte	-32
 1174 0479 40       		.byte	64
 1175 047a E2       		.byte	-30
 1176 047b 40       		.byte	64
 1177 047c E4       		.byte	-28
 1178 047d 40       		.byte	64
 1179 047e E5       		.byte	-27
 1180 047f 40       		.byte	64
 1181 0480 E6       		.byte	-26
 1182 0481 80       		.byte	-128
 1183 0482 E8       		.byte	-24
 1184 0483 80       		.byte	-128
 1185 0484 EA       		.byte	-22
 1186 0485 80       		.byte	-128
 1187 0486 EC       		.byte	-20
 1188 0487 80       		.byte	-128
 1189 0488 EE       		.byte	-18
 1190 0489 80       		.byte	-128
 1191 048a 04       		.byte	4
 1192 048b 40       		.byte	64
 1193 048c 06       		.byte	6
 1194 048d 24       		.byte	36
 1195 048e 07       		.byte	7
 1196 048f 40       		.byte	64
 1197 0490 0C       		.byte	12
ARM GAS  C:\Users\sucra\AppData\Local\Temp\ccsmGmeY.s 			page 22


 1198 0491 A0       		.byte	-96
 1199 0492 0E       		.byte	14
 1200 0493 60       		.byte	96
 1201 0494 16       		.byte	22
 1202 0495 40       		.byte	64
 1203 0496 17       		.byte	23
 1204 0497 28       		.byte	40
 1205 0498 1C       		.byte	28
 1206 0499 04       		.byte	4
 1207 049a 1E       		.byte	30
 1208 049b 40       		.byte	64
 1209 049c 1F       		.byte	31
 1210 049d 14       		.byte	20
 1211 049e 24       		.byte	36
 1212 049f 18       		.byte	24
 1213 04a0 25       		.byte	37
 1214 04a1 01       		.byte	1
 1215 04a2 26       		.byte	38
 1216 04a3 80       		.byte	-128
 1217 04a4 27       		.byte	39
 1218 04a5 48       		.byte	72
 1219 04a6 2C       		.byte	44
 1220 04a7 01       		.byte	1
 1221 04a8 2E       		.byte	46
 1222 04a9 40       		.byte	64
 1223 04aa 2F       		.byte	47
 1224 04ab 18       		.byte	24
 1225 04ac 36       		.byte	54
 1226 04ad 90       		.byte	-112
 1227 04ae 37       		.byte	55
 1228 04af 09       		.byte	9
 1229 04b0 3E       		.byte	62
 1230 04b1 24       		.byte	36
 1231 04b2 3F       		.byte	63
 1232 04b3 01       		.byte	1
 1233 04b4 41       		.byte	65
 1234 04b5 02       		.byte	2
 1235 04b6 45       		.byte	69
 1236 04b7 02       		.byte	2
 1237 04b8 48       		.byte	72
 1238 04b9 02       		.byte	2
 1239 04ba 49       		.byte	73
 1240 04bb 05       		.byte	5
 1241 04bc 4C       		.byte	76
 1242 04bd 02       		.byte	2
 1243 04be 50       		.byte	80
 1244 04bf 02       		.byte	2
 1245 04c0 52       		.byte	82
 1246 04c1 01       		.byte	1
 1247 04c2 5C       		.byte	92
 1248 04c3 10       		.byte	16
 1249 04c4 66       		.byte	102
 1250 04c5 04       		.byte	4
 1251 04c6 67       		.byte	103
 1252 04c7 20       		.byte	32
 1253 04c8 6C       		.byte	108
 1254 04c9 08       		.byte	8
ARM GAS  C:\Users\sucra\AppData\Local\Temp\ccsmGmeY.s 			page 23


 1255 04ca 6E       		.byte	110
 1256 04cb 04       		.byte	4
 1257 04cc 6F       		.byte	111
 1258 04cd 01       		.byte	1
 1259 04ce 74       		.byte	116
 1260 04cf A0       		.byte	-96
 1261 04d0 75       		.byte	117
 1262 04d1 90       		.byte	-112
 1263 04d2 77       		.byte	119
 1264 04d3 20       		.byte	32
 1265 04d4 86       		.byte	-122
 1266 04d5 48       		.byte	72
 1267 04d6 8B       		.byte	-117
 1268 04d7 04       		.byte	4
 1269 04d8 94       		.byte	-108
 1270 04d9 8C       		.byte	-116
 1271 04da 9C       		.byte	-100
 1272 04db 01       		.byte	1
 1273 04dc 9D       		.byte	-99
 1274 04dd 90       		.byte	-112
 1275 04de 9E       		.byte	-98
 1276 04df 04       		.byte	4
 1277 04e0 9F       		.byte	-97
 1278 04e1 20       		.byte	32
 1279 04e2 A2       		.byte	-94
 1280 04e3 18       		.byte	24
 1281 04e4 A5       		.byte	-91
 1282 04e5 01       		.byte	1
 1283 04e6 A6       		.byte	-90
 1284 04e7 80       		.byte	-128
 1285 04e8 A7       		.byte	-89
 1286 04e9 48       		.byte	72
 1287 04ea AB       		.byte	-85
 1288 04eb 21       		.byte	33
 1289 04ec B4       		.byte	-76
 1290 04ed 40       		.byte	64
 1291 04ee C0       		.byte	-64
 1292 04ef F0       		.byte	-16
 1293 04f0 C2       		.byte	-62
 1294 04f1 F0       		.byte	-16
 1295 04f2 C4       		.byte	-60
 1296 04f3 70       		.byte	112
 1297 04f4 CA       		.byte	-54
 1298 04f5 70       		.byte	112
 1299 04f6 CC       		.byte	-52
 1300 04f7 F0       		.byte	-16
 1301 04f8 CE       		.byte	-50
 1302 04f9 E0       		.byte	-32
 1303 04fa D0       		.byte	-48
 1304 04fb 81       		.byte	-127
 1305 04fc D2       		.byte	-46
 1306 04fd 18       		.byte	24
 1307 04fe D6       		.byte	-42
 1308 04ff 20       		.byte	32
 1309 0500 E2       		.byte	-30
 1310 0501 80       		.byte	-128
 1311 0502 EE       		.byte	-18
ARM GAS  C:\Users\sucra\AppData\Local\Temp\ccsmGmeY.s 			page 24


 1312 0503 1A       		.byte	26
 1313 0504 40       		.byte	64
 1314 0505 60       		.byte	96
 1315 0506 41       		.byte	65
 1316 0507 02       		.byte	2
 1317 0508 49       		.byte	73
 1318 0509 FF       		.byte	-1
 1319 050a 4A       		.byte	74
 1320 050b FF       		.byte	-1
 1321 050c 4B       		.byte	75
 1322 050d FF       		.byte	-1
 1323 050e 4D       		.byte	77
 1324 050f A0       		.byte	-96
 1325 0510 4F       		.byte	79
 1326 0511 04       		.byte	4
 1327 0512 50       		.byte	80
 1328 0513 18       		.byte	24
 1329 0514 5A       		.byte	90
 1330 0515 04       		.byte	4
 1331 0516 5D       		.byte	93
 1332 0517 01       		.byte	1
 1333 0518 5F       		.byte	95
 1334 0519 01       		.byte	1
 1335 051a 60       		.byte	96
 1336 051b 40       		.byte	64
 1337 051c 62       		.byte	98
 1338 051d C0       		.byte	-64
 1339 051e 64       		.byte	100
 1340 051f 40       		.byte	64
 1341 0520 65       		.byte	101
 1342 0521 40       		.byte	64
 1343 0522 66       		.byte	102
 1344 0523 C0       		.byte	-64
 1345 0524 68       		.byte	104
 1346 0525 C0       		.byte	-64
 1347 0526 6A       		.byte	106
 1348 0527 C0       		.byte	-64
 1349 0528 6C       		.byte	108
 1350 0529 C0       		.byte	-64
 1351 052a 6E       		.byte	110
 1352 052b C0       		.byte	-64
 1353 052c 92       		.byte	-110
 1354 052d 01       		.byte	1
 1355 052e 9A       		.byte	-102
 1356 052f 02       		.byte	2
 1357 0530 9B       		.byte	-101
 1358 0531 0A       		.byte	10
 1359 0532 9F       		.byte	-97
 1360 0533 05       		.byte	5
 1361 0534 A0       		.byte	-96
 1362 0535 04       		.byte	4
 1363 0536 A1       		.byte	-95
 1364 0537 03       		.byte	3
 1365 0538 A4       		.byte	-92
 1366 0539 04       		.byte	4
 1367 053a AA       		.byte	-86
 1368 053b 02       		.byte	2
ARM GAS  C:\Users\sucra\AppData\Local\Temp\ccsmGmeY.s 			page 25


 1369 053c AB       		.byte	-85
 1370 053d 0C       		.byte	12
 1371 053e B0       		.byte	-80
 1372 053f 04       		.byte	4
 1373 0540 B1       		.byte	-79
 1374 0541 03       		.byte	3
 1375 0542 B3       		.byte	-77
 1376 0543 0C       		.byte	12
 1377 0544 B4       		.byte	-76
 1378 0545 01       		.byte	1
 1379 0546 B6       		.byte	-74
 1380 0547 02       		.byte	2
 1381 0548 B8       		.byte	-72
 1382 0549 02       		.byte	2
 1383 054a BE       		.byte	-66
 1384 054b 40       		.byte	64
 1385 054c C0       		.byte	-64
 1386 054d 20       		.byte	32
 1387 054e C1       		.byte	-63
 1388 054f 06       		.byte	6
 1389 0550 C5       		.byte	-59
 1390 0551 D1       		.byte	-47
 1391 0552 C7       		.byte	-57
 1392 0553 02       		.byte	2
 1393 0554 C8       		.byte	-56
 1394 0555 17       		.byte	23
 1395 0556 C9       		.byte	-55
 1396 0557 FF       		.byte	-1
 1397 0558 CA       		.byte	-54
 1398 0559 FF       		.byte	-1
 1399 055a CB       		.byte	-53
 1400 055b FF       		.byte	-1
 1401 055c CD       		.byte	-51
 1402 055d AF       		.byte	-81
 1403 055e CE       		.byte	-50
 1404 055f 0F       		.byte	15
 1405 0560 CF       		.byte	-49
 1406 0561 04       		.byte	4
 1407 0562 D0       		.byte	-48
 1408 0563 18       		.byte	24
 1409 0564 D2       		.byte	-46
 1410 0565 80       		.byte	-128
 1411 0566 D4       		.byte	-44
 1412 0567 05       		.byte	5
 1413 0568 D8       		.byte	-40
 1414 0569 04       		.byte	4
 1415 056a D9       		.byte	-39
 1416 056b 04       		.byte	4
 1417 056c DA       		.byte	-38
 1418 056d 04       		.byte	4
 1419 056e DB       		.byte	-37
 1420 056f 04       		.byte	4
 1421 0570 DC       		.byte	-36
 1422 0571 11       		.byte	17
 1423 0572 DD       		.byte	-35
 1424 0573 11       		.byte	17
 1425 0574 DF       		.byte	-33
ARM GAS  C:\Users\sucra\AppData\Local\Temp\ccsmGmeY.s 			page 26


 1426 0575 01       		.byte	1
 1427 0576 E0       		.byte	-32
 1428 0577 40       		.byte	64
 1429 0578 E2       		.byte	-30
 1430 0579 C0       		.byte	-64
 1431 057a E4       		.byte	-28
 1432 057b 40       		.byte	64
 1433 057c E5       		.byte	-27
 1434 057d 40       		.byte	64
 1435 057e E6       		.byte	-26
 1436 057f C0       		.byte	-64
 1437 0580 E8       		.byte	-24
 1438 0581 C0       		.byte	-64
 1439 0582 EA       		.byte	-22
 1440 0583 C0       		.byte	-64
 1441 0584 EC       		.byte	-20
 1442 0585 C0       		.byte	-64
 1443 0586 EE       		.byte	-18
 1444 0587 C0       		.byte	-64
 1445 0588 09       		.byte	9
 1446 0589 02       		.byte	2
 1447 058a 0A       		.byte	10
 1448 058b 04       		.byte	4
 1449 058c 10       		.byte	16
 1450 058d A0       		.byte	-96
 1451 058e 12       		.byte	18
 1452 058f 04       		.byte	4
 1453 0590 19       		.byte	25
 1454 0591 22       		.byte	34
 1455 0592 1A       		.byte	26
 1456 0593 04       		.byte	4
 1457 0594 1B       		.byte	27
 1458 0595 50       		.byte	80
 1459 0596 22       		.byte	34
 1460 0597 08       		.byte	8
 1461 0598 23       		.byte	35
 1462 0599 80       		.byte	-128
 1463 059a 29       		.byte	41
 1464 059b 22       		.byte	34
 1465 059c 30       		.byte	48
 1466 059d A0       		.byte	-96
 1467 059e 42       		.byte	66
 1468 059f 04       		.byte	4
 1469 05a0 46       		.byte	70
 1470 05a1 04       		.byte	4
 1471 05a2 48       		.byte	72
 1472 05a3 28       		.byte	40
 1473 05a4 49       		.byte	73
 1474 05a5 01       		.byte	1
 1475 05a6 4F       		.byte	79
 1476 05a7 20       		.byte	32
 1477 05a8 50       		.byte	80
 1478 05a9 88       		.byte	-120
 1479 05aa 52       		.byte	82
 1480 05ab 04       		.byte	4
 1481 05ac 59       		.byte	89
 1482 05ad 01       		.byte	1
ARM GAS  C:\Users\sucra\AppData\Local\Temp\ccsmGmeY.s 			page 27


 1483 05ae 5B       		.byte	91
 1484 05af 88       		.byte	-120
 1485 05b0 71       		.byte	113
 1486 05b1 02       		.byte	2
 1487 05b2 C2       		.byte	-62
 1488 05b3 0A       		.byte	10
 1489 05b4 C4       		.byte	-60
 1490 05b5 0E       		.byte	14
 1491 05b6 CA       		.byte	-54
 1492 05b7 05       		.byte	5
 1493 05b8 CC       		.byte	-52
 1494 05b9 0C       		.byte	12
 1495 05ba D0       		.byte	-48
 1496 05bb 24       		.byte	36
 1497 05bc D2       		.byte	-46
 1498 05bd 24       		.byte	36
 1499 05be D6       		.byte	-42
 1500 05bf 0B       		.byte	11
 1501 05c0 EE       		.byte	-18
 1502 05c1 0A       		.byte	10
 1503 05c2 AA       		.byte	-86
 1504 05c3 08       		.byte	8
 1505 05c4 B7       		.byte	-73
 1506 05c5 48       		.byte	72
 1507 05c6 E8       		.byte	-24
 1508 05c7 04       		.byte	4
 1509 05c8 EC       		.byte	-20
 1510 05c9 10       		.byte	16
 1511 05ca 32       		.byte	50
 1512 05cb 02       		.byte	2
 1513 05cc 33       		.byte	51
 1514 05cd 80       		.byte	-128
 1515 05ce 36       		.byte	54
 1516 05cf 40       		.byte	64
 1517 05d0 37       		.byte	55
 1518 05d1 04       		.byte	4
 1519 05d2 3B       		.byte	59
 1520 05d3 10       		.byte	16
 1521 05d4 CC       		.byte	-52
 1522 05d5 F0       		.byte	-16
 1523 05d6 CE       		.byte	-50
 1524 05d7 10       		.byte	16
 1525 05d8 30       		.byte	48
 1526 05d9 20       		.byte	32
 1527 05da 31       		.byte	49
 1528 05db 04       		.byte	4
 1529 05dc 37       		.byte	55
 1530 05dd 10       		.byte	16
 1531 05de 86       		.byte	-122
 1532 05df 02       		.byte	2
 1533 05e0 97       		.byte	-105
 1534 05e1 10       		.byte	16
 1535 05e2 9B       		.byte	-101
 1536 05e3 10       		.byte	16
 1537 05e4 9F       		.byte	-97
 1538 05e5 04       		.byte	4
 1539 05e6 A0       		.byte	-96
ARM GAS  C:\Users\sucra\AppData\Local\Temp\ccsmGmeY.s 			page 28


 1540 05e7 20       		.byte	32
 1541 05e8 A6       		.byte	-90
 1542 05e9 42       		.byte	66
 1543 05ea A7       		.byte	-89
 1544 05eb 80       		.byte	-128
 1545 05ec AB       		.byte	-85
 1546 05ed 10       		.byte	16
 1547 05ee AC       		.byte	-84
 1548 05ef 20       		.byte	32
 1549 05f0 CC       		.byte	-52
 1550 05f1 70       		.byte	112
 1551 05f2 E2       		.byte	-30
 1552 05f3 40       		.byte	64
 1553 05f4 EA       		.byte	-22
 1554 05f5 60       		.byte	96
 1555 05f6 05       		.byte	5
 1556 05f7 04       		.byte	4
 1557 05f8 59       		.byte	89
 1558 05f9 01       		.byte	1
 1559 05fa 5C       		.byte	92
 1560 05fb 04       		.byte	4
 1561 05fc 97       		.byte	-105
 1562 05fd 10       		.byte	16
 1563 05fe 9D       		.byte	-99
 1564 05ff 04       		.byte	4
 1565 0600 9F       		.byte	-97
 1566 0601 04       		.byte	4
 1567 0602 A6       		.byte	-90
 1568 0603 40       		.byte	64
 1569 0604 A7       		.byte	-89
 1570 0605 80       		.byte	-128
 1571 0606 C0       		.byte	-64
 1572 0607 20       		.byte	32
 1573 0608 D6       		.byte	-42
 1574 0609 C0       		.byte	-64
 1575 060a 87       		.byte	-121
 1576 060b 10       		.byte	16
 1577 060c 97       		.byte	-105
 1578 060d 10       		.byte	16
 1579 060e 9F       		.byte	-97
 1580 060f 04       		.byte	4
 1581 0610 A6       		.byte	-90
 1582 0611 40       		.byte	64
 1583 0612 A7       		.byte	-89
 1584 0613 80       		.byte	-128
 1585 0614 A8       		.byte	-88
 1586 0615 04       		.byte	4
 1587 0616 A9       		.byte	-87
 1588 0617 01       		.byte	1
 1589 0618 E2       		.byte	-30
 1590 0619 10       		.byte	16
 1591 061a EA       		.byte	-22
 1592 061b 20       		.byte	32
 1593 061c 13       		.byte	19
 1594 061d 08       		.byte	8
 1595 061e 17       		.byte	23
 1596 061f 01       		.byte	1
ARM GAS  C:\Users\sucra\AppData\Local\Temp\ccsmGmeY.s 			page 29


 1597 0620 7D       		.byte	125
 1598 0621 08       		.byte	8
 1599 0622 8D       		.byte	-115
 1600 0623 04       		.byte	4
 1601 0624 C4       		.byte	-60
 1602 0625 0C       		.byte	12
 1603 0626 DE       		.byte	-34
 1604 0627 01       		.byte	1
 1605 0628 E4       		.byte	-28
 1606 0629 02       		.byte	2
 1607 062a 5E       		.byte	94
 1608 062b 01       		.byte	1
 1609 062c 86       		.byte	-122
 1610 062d 04       		.byte	4
 1611 062e AB       		.byte	-85
 1612 062f 08       		.byte	8
 1613 0630 AF       		.byte	-81
 1614 0631 01       		.byte	1
 1615 0632 D6       		.byte	-42
 1616 0633 01       		.byte	1
 1617 0634 45       		.byte	69
 1618 0635 08       		.byte	8
 1619 0636 96       		.byte	-106
 1620 0637 04       		.byte	4
 1621 0638 B2       		.byte	-78
 1622 0639 01       		.byte	1
 1623 063a D0       		.byte	-48
 1624 063b 01       		.byte	1
 1625 063c EC       		.byte	-20
 1626 063d 01       		.byte	1
 1627 063e 08       		.byte	8
 1628 063f 08       		.byte	8
 1629 0640 0A       		.byte	10
 1630 0641 04       		.byte	4
 1631 0642 0F       		.byte	15
 1632 0643 40       		.byte	64
 1633 0644 96       		.byte	-106
 1634 0645 04       		.byte	4
 1635 0646 A5       		.byte	-91
 1636 0647 08       		.byte	8
 1637 0648 C2       		.byte	-62
 1638 0649 0E       		.byte	14
 1639 064a 07       		.byte	7
 1640 064b 10       		.byte	16
 1641 064c 25       		.byte	37
 1642 064d 10       		.byte	16
 1643 064e 58       		.byte	88
 1644 064f 40       		.byte	64
 1645 0650 88       		.byte	-120
 1646 0651 40       		.byte	64
 1647 0652 AE       		.byte	-82
 1648 0653 40       		.byte	64
 1649 0654 AF       		.byte	-81
 1650 0655 80       		.byte	-128
 1651 0656 B7       		.byte	-73
 1652 0657 04       		.byte	4
 1653 0658 C0       		.byte	-64
ARM GAS  C:\Users\sucra\AppData\Local\Temp\ccsmGmeY.s 			page 30


 1654 0659 20       		.byte	32
 1655 065a C8       		.byte	-56
 1656 065b 20       		.byte	32
 1657 065c D4       		.byte	-44
 1658 065d 80       		.byte	-128
 1659 065e EE       		.byte	-18
 1660 065f 50       		.byte	80
 1661 0660 AB       		.byte	-85
 1662 0661 10       		.byte	16
 1663 0662 B5       		.byte	-75
 1664 0663 10       		.byte	16
 1665 0664 E8       		.byte	-24
 1666 0665 20       		.byte	32
 1667 0666 62       		.byte	98
 1668 0667 01       		.byte	1
 1669 0668 A5       		.byte	-91
 1670 0669 08       		.byte	8
 1671 066a AC       		.byte	-84
 1672 066b 08       		.byte	8
 1673 066c AF       		.byte	-81
 1674 066d 40       		.byte	64
 1675 066e D8       		.byte	-40
 1676 066f 02       		.byte	2
 1677 0670 AA       		.byte	-86
 1678 0671 01       		.byte	1
 1679 0672 B5       		.byte	-75
 1680 0673 08       		.byte	8
 1681 0674 EC       		.byte	-20
 1682 0675 08       		.byte	8
 1683 0676 00       		.byte	0
 1684 0677 0C       		.byte	12
 1685 0678 0A       		.byte	10
 1686 0679 08       		.byte	8
 1687 067a 0E       		.byte	14
 1688 067b 04       		.byte	4
 1689 067c 10       		.byte	16
 1690 067d 0A       		.byte	10
 1691 067e 11       		.byte	17
 1692 067f 01       		.byte	1
 1693 0680 1A       		.byte	26
 1694 0681 08       		.byte	8
 1695 0682 1B       		.byte	27
 1696 0683 01       		.byte	1
 1697 0684 1C       		.byte	28
 1698 0685 02       		.byte	2
 1699 0686 00       		.byte	0
 1700 0687 EA       		.byte	-22
 1701 0688 01       		.byte	1
 1702 0689 FF       		.byte	-1
 1703 068a 00       		.byte	0
 1704 068b 00       		.byte	0
 1705 068c 00       		.byte	0
 1706 068d 00       		.byte	0
 1707 068e 04       		.byte	4
 1708 068f C3       		.byte	-61
 1709 0690 30       		.byte	48
 1710 0691 0C       		.byte	12
ARM GAS  C:\Users\sucra\AppData\Local\Temp\ccsmGmeY.s 			page 31


 1711 0692 00       		.byte	0
 1712 0693 C3       		.byte	-61
 1713 0694 10       		.byte	16
 1714 0695 CF       		.byte	-49
 1715 0696 00       		.byte	0
 1716 0697 00       		.byte	0
 1717 0698 20       		.byte	32
 1718 0699 41       		.byte	65
 1719 069a 00       		.byte	0
 1720 069b 20       		.byte	32
 1721 069c 00       		.byte	0
 1722 069d 0F       		.byte	15
 1723 069e 02       		.byte	2
 1724 069f C0       		.byte	-64
 1725 06a0 39       		.byte	57
 1726 06a1 C3       		.byte	-61
 1727 06a2 00       		.byte	0
 1728 06a3 0C       		.byte	12
 1729 06a4 00       		.byte	0
 1730 06a5 0C       		.byte	12
 1731 06a6 02       		.byte	2
 1732 06a7 00       		.byte	0
 1733 06a8 00       		.byte	0
 1734 06a9 C3       		.byte	-61
 1735 06aa 04       		.byte	4
 1736 06ab 10       		.byte	16
 1737 06ac 00       		.byte	0
 1738 06ad 00       		.byte	0
 1739 06ae 08       		.byte	8
 1740 06af 00       		.byte	0
 1741 06b0 09       		.byte	9
 1742 06b1 04       		.byte	4
 1743 06b2 30       		.byte	48
 1744 06b3 00       		.byte	0
 1745 06b4 38       		.byte	56
 1746 06b5 82       		.byte	-126
 1747 06b6 01       		.byte	1
 1748 06b7 20       		.byte	32
 1749 06b8 30       		.byte	48
 1750 06b9 08       		.byte	8
 1751 06ba 09       		.byte	9
 1752 06bb 00       		.byte	0
 1753 06bc 01       		.byte	1
 1754 06bd C0       		.byte	-64
 1755 06be 02       		.byte	2
 1756 06bf 30       		.byte	48
 1757 06c0 04       		.byte	4
 1758 06c1 0F       		.byte	15
 1759 06c2 38       		.byte	56
 1760 06c3 00       		.byte	0
 1761 06c4 02       		.byte	2
 1762 06c5 00       		.byte	0
 1763 06c6 00       		.byte	0
 1764 06c7 20       		.byte	32
 1765 06c8 00       		.byte	0
 1766 06c9 00       		.byte	0
 1767 06ca 14       		.byte	20
ARM GAS  C:\Users\sucra\AppData\Local\Temp\ccsmGmeY.s 			page 32


 1768 06cb 04       		.byte	4
 1769 06cc 34       		.byte	52
 1770 06cd 06       		.byte	6
 1771 06ce 05       		.byte	5
 1772 06cf 00       		.byte	0
 1773 06d0 02       		.byte	2
 1774 06d1 C0       		.byte	-64
 1775 06d2 E0       		.byte	-32
 1776 06d3 00       		.byte	0
 1777 06d4 0A       		.byte	10
 1778 06d5 FF       		.byte	-1
 1779 06d6 FF       		.byte	-1
 1780 06d7 FF       		.byte	-1
 1781 06d8 62       		.byte	98
 1782 06d9 A0       		.byte	-96
 1783 06da F0       		.byte	-16
 1784 06db 41       		.byte	65
 1785 06dc 0C       		.byte	12
 1786 06dd 00       		.byte	0
 1787 06de 00       		.byte	0
 1788 06df 00       		.byte	0
 1789 06e0 18       		.byte	24
 1790 06e1 00       		.byte	0
 1791 06e2 04       		.byte	4
 1792 06e3 00       		.byte	0
 1793 06e4 04       		.byte	4
 1794 06e5 04       		.byte	4
 1795 06e6 04       		.byte	4
 1796 06e7 04       		.byte	4
 1797 06e8 33       		.byte	51
 1798 06e9 33       		.byte	51
 1799 06ea 00       		.byte	0
 1800 06eb 01       		.byte	1
 1801 06ec 00       		.byte	0
 1802 06ed 00       		.byte	0
 1803 06ee 00       		.byte	0
 1804 06ef 00       		.byte	0
 1805 06f0 00       		.byte	0
 1806 06f1 00       		.byte	0
 1807 06f2 40       		.byte	64
 1808 06f3 02       		.byte	2
 1809 06f4 00       		.byte	0
 1810 06f5 10       		.byte	16
 1811 06f6 30       		.byte	48
 1812 06f7 10       		.byte	16
 1813 06f8 00       		.byte	0
 1814 06f9 10       		.byte	16
 1815 06fa 10       		.byte	16
 1816 06fb 12       		.byte	18
 1817 06fc 00       		.byte	0
 1818 06fd 00       		.byte	0
 1819 06fe 00       		.byte	0
 1820 06ff 00       		.byte	0
 1821 0700 00       		.byte	0
 1822 0701 00       		.byte	0
 1823 0702 00       		.byte	0
 1824 0703 00       		.byte	0
ARM GAS  C:\Users\sucra\AppData\Local\Temp\ccsmGmeY.s 			page 33


 1825 0704 00       		.byte	0
 1826 0705 00       		.byte	0
 1827 0706 00       		.byte	0
 1828 0707 00       		.byte	0
 1829 0708 00       		.byte	0
 1830 0709 00       		.byte	0
 1831 070a 00       		.byte	0
 1832 070b 00       		.byte	0
 1833 070c 00       		.byte	0
 1834 070d 63       		.byte	99
 1835 070e 63       		.byte	99
 1836 070f 00       		.byte	0
 1837 0710 00       		.byte	0
 1838 0711 00       		.byte	0
 1839 0712 00       		.byte	0
 1840 0713 00       		.byte	0
 1841 0714 38       		.byte	56
 1842 0715 00       		.byte	0
 1843 0716 00       		.byte	0
 1844 0717 00       		.byte	0
 1845 0718 00       		.byte	0
 1846 0719 00       		.byte	0
 1847 071a 00       		.byte	0
 1848 071b 00       		.byte	0
 1849 071c 45       		.byte	69
 1850 071d 00       		.byte	0
 1851 071e 02       		.byte	2
 1852 071f 05       		.byte	5
 1853 0720 04       		.byte	4
 1854 0721 00       		.byte	0
 1855 0722 04       		.byte	4
 1856 0723 00       		.byte	0
 1857 0724 E8       		.byte	-24
 1858 0725 00       		.byte	0
 1859 0726 00       		.byte	0
 1860 0727 00       		.byte	0
 1861 0728 00       		.byte	0
 1862 0729 2B       		.byte	43
 1863 072a 2B       		.byte	43
 1864 072b 00       		.byte	0
 1865 072c 20       		.byte	32
 1866 072d 00       		.byte	0
 1867 072e 04       		.byte	4
 1868 072f 00       		.byte	0
 1869 0730 00       		.byte	0
 1870 0731 FF       		.byte	-1
 1871 0732 FF       		.byte	-1
 1872 0733 00       		.byte	0
 1873 0734 80       		.byte	-128
 1874 0735 00       		.byte	0
 1875 0736 00       		.byte	0
 1876 0737 00       		.byte	0
 1877 0738 FA       		.byte	-6
 1878 0739 00       		.byte	0
 1879 073a 00       		.byte	0
 1880 073b E0       		.byte	-32
 1881 073c 1A       		.byte	26
ARM GAS  C:\Users\sucra\AppData\Local\Temp\ccsmGmeY.s 			page 34


 1882 073d 00       		.byte	0
 1883 073e 00       		.byte	0
 1884 073f 00       		.byte	0
 1885 0740 00       		.byte	0
 1886 0741 00       		.byte	0
 1887 0742 00       		.byte	0
 1888 0743 00       		.byte	0
 1889 0744 25       		.byte	37
 1890 0745 00       		.byte	0
 1891 0746 18       		.byte	24
 1892 0747 01       		.byte	1
 1893              		.section	.cywolatch,"a",%progbits
 1894              		.align	2
 1895              		.type	cy_meta_wonvl, %object
 1896              		.size	cy_meta_wonvl, 4
 1897              	cy_meta_wonvl:
 1898 0000 BC       		.byte	-68
 1899 0001 90       		.byte	-112
 1900 0002 AC       		.byte	-84
 1901 0003 AF       		.byte	-81
 1902              		.section	.cycustnvl,"a",%progbits
 1903              		.align	2
 1904              		.type	cy_meta_custnvl, %object
 1905              		.size	cy_meta_custnvl, 4
 1906              	cy_meta_custnvl:
 1907 0000 00       		.byte	0
 1908 0001 00       		.byte	0
 1909 0002 40       		.byte	64
 1910 0003 05       		.byte	5
 1911              		.section	.cymeta,"a",%progbits
 1912              		.align	2
 1913              		.type	cy_metadata, %object
 1914              		.size	cy_metadata, 12
 1915              	cy_metadata:
 1916 0000 00       		.byte	0
 1917 0001 01       		.byte	1
 1918 0002 2E       		.byte	46
 1919 0003 16       		.byte	22
 1920 0004 10       		.byte	16
 1921 0005 69       		.byte	105
 1922 0006 00       		.byte	0
 1923 0007 01       		.byte	1
 1924 0008 00       		.byte	0
 1925 0009 00       		.byte	0
 1926 000a 00       		.byte	0
 1927 000b 00       		.byte	0
 1928              		.section	.cyflashprotect,"a",%progbits
 1929              		.align	2
 1930              		.type	cy_meta_flashprotect, %object
 1931              		.size	cy_meta_flashprotect, 256
 1932              	cy_meta_flashprotect:
 1933 0000 00000000 		.space	256
 1933      00000000 
 1933      00000000 
 1933      00000000 
 1933      00000000 
 1934              		.text
ARM GAS  C:\Users\sucra\AppData\Local\Temp\ccsmGmeY.s 			page 35


 1935              	.Letext0:
 1936              		.file 1 "c:\\program files (x86)\\cypress\\psoc creator\\4.4\\psoc creator\\import\\gnu\\arm\\5.4.
 1937              		.file 2 "c:\\program files (x86)\\cypress\\psoc creator\\4.4\\psoc creator\\import\\gnu\\arm\\5.4.
 1938              		.file 3 "Generated_Source\\PSoC5\\cymetadata.c"
 1939              		.section	.debug_info,"",%progbits
 1940              	.Ldebug_info0:
 1941 0000 35010000 		.4byte	0x135
 1942 0004 0400     		.2byte	0x4
 1943 0006 00000000 		.4byte	.Ldebug_abbrev0
 1944 000a 04       		.byte	0x4
 1945 000b 01       		.uleb128 0x1
 1946 000c 24000000 		.4byte	.LASF17
 1947 0010 0C       		.byte	0xc
 1948 0011 C3010000 		.4byte	.LASF18
 1949 0015 25010000 		.4byte	.LASF19
 1950 0019 00000000 		.4byte	.Ldebug_line0
 1951 001d 02       		.uleb128 0x2
 1952 001e 01       		.byte	0x1
 1953 001f 06       		.byte	0x6
 1954 0020 B7010000 		.4byte	.LASF0
 1955 0024 03       		.uleb128 0x3
 1956 0025 00000000 		.4byte	.LASF9
 1957 0029 01       		.byte	0x1
 1958 002a 1D       		.byte	0x1d
 1959 002b 2F000000 		.4byte	0x2f
 1960 002f 02       		.uleb128 0x2
 1961 0030 01       		.byte	0x1
 1962 0031 08       		.byte	0x8
 1963 0032 16000000 		.4byte	.LASF1
 1964 0036 02       		.uleb128 0x2
 1965 0037 02       		.byte	0x2
 1966 0038 05       		.byte	0x5
 1967 0039 A4010000 		.4byte	.LASF2
 1968 003d 02       		.uleb128 0x2
 1969 003e 02       		.byte	0x2
 1970 003f 07       		.byte	0x7
 1971 0040 C4000000 		.4byte	.LASF3
 1972 0044 02       		.uleb128 0x2
 1973 0045 04       		.byte	0x4
 1974 0046 05       		.byte	0x5
 1975 0047 AE010000 		.4byte	.LASF4
 1976 004b 02       		.uleb128 0x2
 1977 004c 04       		.byte	0x4
 1978 004d 07       		.byte	0x7
 1979 004e B2000000 		.4byte	.LASF5
 1980 0052 02       		.uleb128 0x2
 1981 0053 08       		.byte	0x8
 1982 0054 05       		.byte	0x5
 1983 0055 96010000 		.4byte	.LASF6
 1984 0059 02       		.uleb128 0x2
 1985 005a 08       		.byte	0x8
 1986 005b 07       		.byte	0x7
 1987 005c 06010000 		.4byte	.LASF7
 1988 0060 04       		.uleb128 0x4
 1989 0061 04       		.byte	0x4
 1990 0062 05       		.byte	0x5
 1991 0063 696E7400 		.ascii	"int\000"
ARM GAS  C:\Users\sucra\AppData\Local\Temp\ccsmGmeY.s 			page 36


 1992 0067 02       		.uleb128 0x2
 1993 0068 04       		.byte	0x4
 1994 0069 07       		.byte	0x7
 1995 006a F9000000 		.4byte	.LASF8
 1996 006e 03       		.uleb128 0x3
 1997 006f 1D010000 		.4byte	.LASF10
 1998 0073 02       		.byte	0x2
 1999 0074 18       		.byte	0x18
 2000 0075 24000000 		.4byte	0x24
 2001 0079 05       		.uleb128 0x5
 2002 007a 91000000 		.4byte	0x91
 2003 007e 8A000000 		.4byte	0x8a
 2004 0082 06       		.uleb128 0x6
 2005 0083 8A000000 		.4byte	0x8a
 2006 0087 4707     		.2byte	0x747
 2007 0089 00       		.byte	0
 2008 008a 02       		.uleb128 0x2
 2009 008b 04       		.byte	0x4
 2010 008c 07       		.byte	0x7
 2011 008d 8D010000 		.4byte	.LASF11
 2012 0091 07       		.uleb128 0x7
 2013 0092 6E000000 		.4byte	0x6e
 2014 0096 08       		.uleb128 0x8
 2015 0097 E7000000 		.4byte	.LASF12
 2016 009b 03       		.byte	0x3
 2017 009c 1F       		.byte	0x1f
 2018 009d A7000000 		.4byte	0xa7
 2019 00a1 05       		.uleb128 0x5
 2020 00a2 03       		.byte	0x3
 2021 00a3 00000000 		.4byte	cy_meta_configecc
 2022 00a7 07       		.uleb128 0x7
 2023 00a8 79000000 		.4byte	0x79
 2024 00ac 05       		.uleb128 0x5
 2025 00ad 91000000 		.4byte	0x91
 2026 00b1 BC000000 		.4byte	0xbc
 2027 00b5 09       		.uleb128 0x9
 2028 00b6 8A000000 		.4byte	0x8a
 2029 00ba 03       		.byte	0x3
 2030 00bb 00       		.byte	0
 2031 00bc 0A       		.uleb128 0xa
 2032 00bd D7000000 		.4byte	.LASF13
 2033 00c1 03       		.byte	0x3
 2034 00c2 1501     		.2byte	0x115
 2035 00c4 CE000000 		.4byte	0xce
 2036 00c8 05       		.uleb128 0x5
 2037 00c9 03       		.byte	0x3
 2038 00ca 00000000 		.4byte	cy_meta_custnvl
 2039 00ce 07       		.uleb128 0x7
 2040 00cf AC000000 		.4byte	0xac
 2041 00d3 0A       		.uleb128 0xa
 2042 00d4 7F010000 		.4byte	.LASF14
 2043 00d8 03       		.byte	0x3
 2044 00d9 2301     		.2byte	0x123
 2045 00db E5000000 		.4byte	0xe5
 2046 00df 05       		.uleb128 0x5
 2047 00e0 03       		.byte	0x3
 2048 00e1 00000000 		.4byte	cy_meta_wonvl
ARM GAS  C:\Users\sucra\AppData\Local\Temp\ccsmGmeY.s 			page 37


 2049 00e5 07       		.uleb128 0x7
 2050 00e6 AC000000 		.4byte	0xac
 2051 00ea 05       		.uleb128 0x5
 2052 00eb 91000000 		.4byte	0x91
 2053 00ef FA000000 		.4byte	0xfa
 2054 00f3 09       		.uleb128 0x9
 2055 00f4 8A000000 		.4byte	0x8a
 2056 00f8 FF       		.byte	0xff
 2057 00f9 00       		.byte	0
 2058 00fa 0A       		.uleb128 0xa
 2059 00fb 6A010000 		.4byte	.LASF15
 2060 00ff 03       		.byte	0x3
 2061 0100 3101     		.2byte	0x131
 2062 0102 0C010000 		.4byte	0x10c
 2063 0106 05       		.uleb128 0x5
 2064 0107 03       		.byte	0x3
 2065 0108 00000000 		.4byte	cy_meta_flashprotect
 2066 010c 07       		.uleb128 0x7
 2067 010d EA000000 		.4byte	0xea
 2068 0111 05       		.uleb128 0x5
 2069 0112 91000000 		.4byte	0x91
 2070 0116 21010000 		.4byte	0x121
 2071 011a 09       		.uleb128 0x9
 2072 011b 8A000000 		.4byte	0x8a
 2073 011f 0B       		.byte	0xb
 2074 0120 00       		.byte	0
 2075 0121 0A       		.uleb128 0xa
 2076 0122 0A000000 		.4byte	.LASF16
 2077 0126 03       		.byte	0x3
 2078 0127 5E01     		.2byte	0x15e
 2079 0129 33010000 		.4byte	0x133
 2080 012d 05       		.uleb128 0x5
 2081 012e 03       		.byte	0x3
 2082 012f 00000000 		.4byte	cy_metadata
 2083 0133 07       		.uleb128 0x7
 2084 0134 11010000 		.4byte	0x111
 2085 0138 00       		.byte	0
 2086              		.section	.debug_abbrev,"",%progbits
 2087              	.Ldebug_abbrev0:
 2088 0000 01       		.uleb128 0x1
 2089 0001 11       		.uleb128 0x11
 2090 0002 01       		.byte	0x1
 2091 0003 25       		.uleb128 0x25
 2092 0004 0E       		.uleb128 0xe
 2093 0005 13       		.uleb128 0x13
 2094 0006 0B       		.uleb128 0xb
 2095 0007 03       		.uleb128 0x3
 2096 0008 0E       		.uleb128 0xe
 2097 0009 1B       		.uleb128 0x1b
 2098 000a 0E       		.uleb128 0xe
 2099 000b 10       		.uleb128 0x10
 2100 000c 17       		.uleb128 0x17
 2101 000d 00       		.byte	0
 2102 000e 00       		.byte	0
 2103 000f 02       		.uleb128 0x2
 2104 0010 24       		.uleb128 0x24
 2105 0011 00       		.byte	0
ARM GAS  C:\Users\sucra\AppData\Local\Temp\ccsmGmeY.s 			page 38


 2106 0012 0B       		.uleb128 0xb
 2107 0013 0B       		.uleb128 0xb
 2108 0014 3E       		.uleb128 0x3e
 2109 0015 0B       		.uleb128 0xb
 2110 0016 03       		.uleb128 0x3
 2111 0017 0E       		.uleb128 0xe
 2112 0018 00       		.byte	0
 2113 0019 00       		.byte	0
 2114 001a 03       		.uleb128 0x3
 2115 001b 16       		.uleb128 0x16
 2116 001c 00       		.byte	0
 2117 001d 03       		.uleb128 0x3
 2118 001e 0E       		.uleb128 0xe
 2119 001f 3A       		.uleb128 0x3a
 2120 0020 0B       		.uleb128 0xb
 2121 0021 3B       		.uleb128 0x3b
 2122 0022 0B       		.uleb128 0xb
 2123 0023 49       		.uleb128 0x49
 2124 0024 13       		.uleb128 0x13
 2125 0025 00       		.byte	0
 2126 0026 00       		.byte	0
 2127 0027 04       		.uleb128 0x4
 2128 0028 24       		.uleb128 0x24
 2129 0029 00       		.byte	0
 2130 002a 0B       		.uleb128 0xb
 2131 002b 0B       		.uleb128 0xb
 2132 002c 3E       		.uleb128 0x3e
 2133 002d 0B       		.uleb128 0xb
 2134 002e 03       		.uleb128 0x3
 2135 002f 08       		.uleb128 0x8
 2136 0030 00       		.byte	0
 2137 0031 00       		.byte	0
 2138 0032 05       		.uleb128 0x5
 2139 0033 01       		.uleb128 0x1
 2140 0034 01       		.byte	0x1
 2141 0035 49       		.uleb128 0x49
 2142 0036 13       		.uleb128 0x13
 2143 0037 01       		.uleb128 0x1
 2144 0038 13       		.uleb128 0x13
 2145 0039 00       		.byte	0
 2146 003a 00       		.byte	0
 2147 003b 06       		.uleb128 0x6
 2148 003c 21       		.uleb128 0x21
 2149 003d 00       		.byte	0
 2150 003e 49       		.uleb128 0x49
 2151 003f 13       		.uleb128 0x13
 2152 0040 2F       		.uleb128 0x2f
 2153 0041 05       		.uleb128 0x5
 2154 0042 00       		.byte	0
 2155 0043 00       		.byte	0
 2156 0044 07       		.uleb128 0x7
 2157 0045 26       		.uleb128 0x26
 2158 0046 00       		.byte	0
 2159 0047 49       		.uleb128 0x49
 2160 0048 13       		.uleb128 0x13
 2161 0049 00       		.byte	0
 2162 004a 00       		.byte	0
ARM GAS  C:\Users\sucra\AppData\Local\Temp\ccsmGmeY.s 			page 39


 2163 004b 08       		.uleb128 0x8
 2164 004c 34       		.uleb128 0x34
 2165 004d 00       		.byte	0
 2166 004e 03       		.uleb128 0x3
 2167 004f 0E       		.uleb128 0xe
 2168 0050 3A       		.uleb128 0x3a
 2169 0051 0B       		.uleb128 0xb
 2170 0052 3B       		.uleb128 0x3b
 2171 0053 0B       		.uleb128 0xb
 2172 0054 49       		.uleb128 0x49
 2173 0055 13       		.uleb128 0x13
 2174 0056 3F       		.uleb128 0x3f
 2175 0057 19       		.uleb128 0x19
 2176 0058 02       		.uleb128 0x2
 2177 0059 18       		.uleb128 0x18
 2178 005a 00       		.byte	0
 2179 005b 00       		.byte	0
 2180 005c 09       		.uleb128 0x9
 2181 005d 21       		.uleb128 0x21
 2182 005e 00       		.byte	0
 2183 005f 49       		.uleb128 0x49
 2184 0060 13       		.uleb128 0x13
 2185 0061 2F       		.uleb128 0x2f
 2186 0062 0B       		.uleb128 0xb
 2187 0063 00       		.byte	0
 2188 0064 00       		.byte	0
 2189 0065 0A       		.uleb128 0xa
 2190 0066 34       		.uleb128 0x34
 2191 0067 00       		.byte	0
 2192 0068 03       		.uleb128 0x3
 2193 0069 0E       		.uleb128 0xe
 2194 006a 3A       		.uleb128 0x3a
 2195 006b 0B       		.uleb128 0xb
 2196 006c 3B       		.uleb128 0x3b
 2197 006d 05       		.uleb128 0x5
 2198 006e 49       		.uleb128 0x49
 2199 006f 13       		.uleb128 0x13
 2200 0070 3F       		.uleb128 0x3f
 2201 0071 19       		.uleb128 0x19
 2202 0072 02       		.uleb128 0x2
 2203 0073 18       		.uleb128 0x18
 2204 0074 00       		.byte	0
 2205 0075 00       		.byte	0
 2206 0076 00       		.byte	0
 2207              		.section	.debug_aranges,"",%progbits
 2208 0000 14000000 		.4byte	0x14
 2209 0004 0200     		.2byte	0x2
 2210 0006 00000000 		.4byte	.Ldebug_info0
 2211 000a 04       		.byte	0x4
 2212 000b 00       		.byte	0
 2213 000c 0000     		.2byte	0
 2214 000e 0000     		.2byte	0
 2215 0010 00000000 		.4byte	0
 2216 0014 00000000 		.4byte	0
 2217              		.section	.debug_line,"",%progbits
 2218              	.Ldebug_line0:
 2219 0000 3D010000 		.section	.debug_str,"MS",%progbits,1
ARM GAS  C:\Users\sucra\AppData\Local\Temp\ccsmGmeY.s 			page 40


 2219      02003701 
 2219      00000201 
 2219      FB0E0D00 
 2219      01010101 
 2220              	.LASF9:
 2221 0000 5F5F7569 		.ascii	"__uint8_t\000"
 2221      6E74385F 
 2221      7400
 2222              	.LASF16:
 2223 000a 63795F6D 		.ascii	"cy_metadata\000"
 2223      65746164 
 2223      61746100 
 2224              	.LASF1:
 2225 0016 756E7369 		.ascii	"unsigned char\000"
 2225      676E6564 
 2225      20636861 
 2225      7200
 2226              	.LASF17:
 2227 0024 474E5520 		.ascii	"GNU C11 5.4.1 20160609 (release) [ARM/embedded-5-br"
 2227      43313120 
 2227      352E342E 
 2227      31203230 
 2227      31363036 
 2228 0057 616E6368 		.ascii	"anch revision 237715] -mcpu=cortex-m3 -mthumb -g -O"
 2228      20726576 
 2228      6973696F 
 2228      6E203233 
 2228      37373135 
 2229 008a 67202D66 		.ascii	"g -ffunction-sections -ffat-lto-objects\000"
 2229      66756E63 
 2229      74696F6E 
 2229      2D736563 
 2229      74696F6E 
 2230              	.LASF5:
 2231 00b2 6C6F6E67 		.ascii	"long unsigned int\000"
 2231      20756E73 
 2231      69676E65 
 2231      6420696E 
 2231      7400
 2232              	.LASF3:
 2233 00c4 73686F72 		.ascii	"short unsigned int\000"
 2233      7420756E 
 2233      7369676E 
 2233      65642069 
 2233      6E7400
 2234              	.LASF13:
 2235 00d7 63795F6D 		.ascii	"cy_meta_custnvl\000"
 2235      6574615F 
 2235      63757374 
 2235      6E766C00 
 2236              	.LASF12:
 2237 00e7 63795F6D 		.ascii	"cy_meta_configecc\000"
 2237      6574615F 
 2237      636F6E66 
 2237      69676563 
 2237      6300
 2238              	.LASF8:
ARM GAS  C:\Users\sucra\AppData\Local\Temp\ccsmGmeY.s 			page 41


 2239 00f9 756E7369 		.ascii	"unsigned int\000"
 2239      676E6564 
 2239      20696E74 
 2239      00
 2240              	.LASF7:
 2241 0106 6C6F6E67 		.ascii	"long long unsigned int\000"
 2241      206C6F6E 
 2241      6720756E 
 2241      7369676E 
 2241      65642069 
 2242              	.LASF10:
 2243 011d 75696E74 		.ascii	"uint8_t\000"
 2243      385F7400 
 2244              	.LASF19:
 2245 0125 433A5C55 		.ascii	"C:\\Users\\sucra\\Documents\\ELECH310 Projet\\desig"
 2245      73657273 
 2245      5C737563 
 2245      72615C44 
 2245      6F63756D 
 2246 0153 6E312E63 		.ascii	"n1.cydsn\\design1.cydsn\000"
 2246      7964736E 
 2246      5C646573 
 2246      69676E31 
 2246      2E637964 
 2247              	.LASF15:
 2248 016a 63795F6D 		.ascii	"cy_meta_flashprotect\000"
 2248      6574615F 
 2248      666C6173 
 2248      6870726F 
 2248      74656374 
 2249              	.LASF14:
 2250 017f 63795F6D 		.ascii	"cy_meta_wonvl\000"
 2250      6574615F 
 2250      776F6E76 
 2250      6C00
 2251              	.LASF11:
 2252 018d 73697A65 		.ascii	"sizetype\000"
 2252      74797065 
 2252      00
 2253              	.LASF6:
 2254 0196 6C6F6E67 		.ascii	"long long int\000"
 2254      206C6F6E 
 2254      6720696E 
 2254      7400
 2255              	.LASF2:
 2256 01a4 73686F72 		.ascii	"short int\000"
 2256      7420696E 
 2256      7400
 2257              	.LASF4:
 2258 01ae 6C6F6E67 		.ascii	"long int\000"
 2258      20696E74 
 2258      00
 2259              	.LASF0:
 2260 01b7 7369676E 		.ascii	"signed char\000"
 2260      65642063 
 2260      68617200 
 2261              	.LASF18:
ARM GAS  C:\Users\sucra\AppData\Local\Temp\ccsmGmeY.s 			page 42


 2262 01c3 47656E65 		.ascii	"Generated_Source\\PSoC5\\cymetadata.c\000"
 2262      72617465 
 2262      645F536F 
 2262      75726365 
 2262      5C50536F 
 2263              		.ident	"GCC: (GNU Tools for ARM Embedded Processors) 5.4.1 20160609 (release) [ARM/embedded-5-bran
