ARM GAS  C:\Users\sucra\AppData\Local\Temp\ccDW7Gmf.s 			page 1


   1              		.syntax unified
   2              		.cpu cortex-m3
   3              		.fpu softvfp
   4              		.eabi_attribute 20, 1
   5              		.eabi_attribute 21, 1
   6              		.eabi_attribute 23, 3
   7              		.eabi_attribute 24, 1
   8              		.eabi_attribute 25, 1
   9              		.eabi_attribute 26, 1
  10              		.eabi_attribute 30, 1
  11              		.eabi_attribute 34, 1
  12              		.eabi_attribute 18, 4
  13              		.thumb
  14              		.syntax unified
  15              		.file	"dac.c"
  16              		.text
  17              	.Ltext0:
  18              		.cfi_sections	.debug_frame
  19              		.global	__aeabi_fmul
  20              		.global	__aeabi_fadd
  21              		.global	__aeabi_f2uiz
  22              		.section	.text.ISR_Timer_DAC_Handler,"ax",%progbits
  23              		.align	2
  24              		.global	ISR_Timer_DAC_Handler
  25              		.thumb
  26              		.thumb_func
  27              		.type	ISR_Timer_DAC_Handler, %function
  28              	ISR_Timer_DAC_Handler:
  29              	.LFB64:
  30              		.file 1 "dac.c"
   1:dac.c         **** 
   2:dac.c         **** 
   3:dac.c         **** 
   4:dac.c         **** 
   5:dac.c         **** /* ========================================
   6:dac.c         ****  *
   7:dac.c         ****  * Copyright YOUR COMPANY, THE YEAR
   8:dac.c         ****  * All Rights Reserved
   9:dac.c         ****  * UNPUBLISHED, LICENSED SOFTWARE.
  10:dac.c         ****  *
  11:dac.c         ****  * CONFIDENTIAL AND PROPRIETARY INFORMATION
  12:dac.c         ****  * WHICH IS THE PROPERTY OF your company.
  13:dac.c         ****  *
  14:dac.c         ****  * ========================================
  15:dac.c         **** */
  16:dac.c         **** #include "project.h"
  17:dac.c         **** #include "keypad.h"
  18:dac.c         **** #include <stdio.h>
  19:dac.c         **** #include <math.h>
  20:dac.c         **** #define PI 3.14
  21:dac.c         **** 
  22:dac.c         **** int N=100;
  23:dac.c         **** float signal[100];
  24:dac.c         **** uint16_t i = 0;
  25:dac.c         **** uint8_t value;
  26:dac.c         **** 
  27:dac.c         **** CY_ISR (ISR_Timer_DAC_Handler){
ARM GAS  C:\Users\sucra\AppData\Local\Temp\ccDW7Gmf.s 			page 2


  31              		.loc 1 27 0
  32              		.cfi_startproc
  33              		@ args = 0, pretend = 0, frame = 0
  34              		@ frame_needed = 0, uses_anonymous_args = 0
  35 0000 10B5     		push	{r4, lr}
  36              		.cfi_def_cfa_offset 8
  37              		.cfi_offset 4, -8
  38              		.cfi_offset 14, -4
  28:dac.c         ****     value= 128 + 128*signal[i];
  39              		.loc 1 28 0
  40 0002 104C     		ldr	r4, .L4
  41 0004 2288     		ldrh	r2, [r4]
  42 0006 4FF08641 		mov	r1, #1124073472
  43 000a 0F4B     		ldr	r3, .L4+4
  44 000c 53F82200 		ldr	r0, [r3, r2, lsl #2]	@ float
  45 0010 FFF7FEFF 		bl	__aeabi_fmul
  46              	.LVL0:
  47 0014 4FF08641 		mov	r1, #1124073472
  48 0018 FFF7FEFF 		bl	__aeabi_fadd
  49              	.LVL1:
  50 001c FFF7FEFF 		bl	__aeabi_f2uiz
  51              	.LVL2:
  52 0020 C0B2     		uxtb	r0, r0
  53 0022 0A4B     		ldr	r3, .L4+8
  54 0024 1870     		strb	r0, [r3]
  29:dac.c         ****     DAC_SetValue(value);
  55              		.loc 1 29 0
  56 0026 FFF7FEFF 		bl	DAC_SetValue
  57              	.LVL3:
  30:dac.c         ****     i++;
  58              		.loc 1 30 0
  59 002a 2388     		ldrh	r3, [r4]
  60 002c 0133     		adds	r3, r3, #1
  61 002e 9BB2     		uxth	r3, r3
  62 0030 2380     		strh	r3, [r4]	@ movhi
  31:dac.c         ****     if (i==N){i=0;}
  63              		.loc 1 31 0
  64 0032 074A     		ldr	r2, .L4+12
  65 0034 1268     		ldr	r2, [r2]
  66 0036 9342     		cmp	r3, r2
  67 0038 01D1     		bne	.L2
  68              		.loc 1 31 0 is_stmt 0 discriminator 1
  69 003a 0022     		movs	r2, #0
  70 003c 2280     		strh	r2, [r4]	@ movhi
  71              	.L2:
  32:dac.c         ****     Timer_DAC_ISR_ReadStatusRegister();
  72              		.loc 1 32 0 is_stmt 1
  73 003e FFF7FEFF 		bl	Timer_DAC_ISR_ReadStatusRegister
  74              	.LVL4:
  75 0042 10BD     		pop	{r4, pc}
  76              	.L5:
  77              		.align	2
  78              	.L4:
  79 0044 00000000 		.word	.LANCHOR0
  80 0048 00000000 		.word	signal
  81 004c 00000000 		.word	value
  82 0050 00000000 		.word	.LANCHOR1
ARM GAS  C:\Users\sucra\AppData\Local\Temp\ccDW7Gmf.s 			page 3


  83              		.cfi_endproc
  84              	.LFE64:
  85              		.size	ISR_Timer_DAC_Handler, .-ISR_Timer_DAC_Handler
  86              		.global	__aeabi_i2d
  87              		.global	__aeabi_dmul
  88              		.global	__aeabi_ddiv
  89              		.global	__aeabi_d2f
  90              		.section	.text.dac,"ax",%progbits
  91              		.align	2
  92              		.global	dac
  93              		.thumb
  94              		.thumb_func
  95              		.type	dac, %function
  96              	dac:
  97              	.LFB65:
  33:dac.c         **** }
  34:dac.c         **** 
  35:dac.c         **** float x,y=0;
  36:dac.c         **** char b[100]={'\0'};
  37:dac.c         **** float s[100];
  38:dac.c         **** 
  39:dac.c         **** 
  40:dac.c         **** 
  41:dac.c         **** int dac(void)
  42:dac.c         **** {
  98              		.loc 1 42 0
  99              		.cfi_startproc
 100              		@ args = 0, pretend = 0, frame = 0
 101              		@ frame_needed = 0, uses_anonymous_args = 0
 102 0000 F8B5     		push	{r3, r4, r5, r6, r7, lr}
 103              		.cfi_def_cfa_offset 24
 104              		.cfi_offset 3, -24
 105              		.cfi_offset 4, -20
 106              		.cfi_offset 5, -16
 107              		.cfi_offset 6, -12
 108              		.cfi_offset 7, -8
 109              		.cfi_offset 14, -4
 110              	.LVL5:
 111              	.LBB2:
  43:dac.c         ****     
  44:dac.c         ****     uint16_t cnt = 0;
  45:dac.c         ****     
  46:dac.c         ****     for(int j=0; j<N; j++){
 112              		.loc 1 46 0
 113 0002 0024     		movs	r4, #0
 114 0004 1AE0     		b	.L7
 115              	.LVL6:
 116              	.L8:
  47:dac.c         ****         signal[j]=sin(2*PI*j/N);
 117              		.loc 1 47 0 discriminator 3
 118 0006 2046     		mov	r0, r4
 119 0008 FFF7FEFF 		bl	__aeabi_i2d
 120              	.LVL7:
 121 000c 36A3     		adr	r3, .L15
 122 000e D3E90023 		ldrd	r2, [r3]
 123 0012 FFF7FEFF 		bl	__aeabi_dmul
 124              	.LVL8:
ARM GAS  C:\Users\sucra\AppData\Local\Temp\ccDW7Gmf.s 			page 4


 125 0016 0646     		mov	r6, r0
 126 0018 0F46     		mov	r7, r1
 127 001a 2846     		mov	r0, r5
 128 001c FFF7FEFF 		bl	__aeabi_i2d
 129              	.LVL9:
 130 0020 0246     		mov	r2, r0
 131 0022 0B46     		mov	r3, r1
 132 0024 3046     		mov	r0, r6
 133 0026 3946     		mov	r1, r7
 134 0028 FFF7FEFF 		bl	__aeabi_ddiv
 135              	.LVL10:
 136 002c FFF7FEFF 		bl	sin
 137              	.LVL11:
 138 0030 FFF7FEFF 		bl	__aeabi_d2f
 139              	.LVL12:
 140 0034 2E4B     		ldr	r3, .L15+8
 141 0036 43F82400 		str	r0, [r3, r4, lsl #2]	@ float
  46:dac.c         ****         signal[j]=sin(2*PI*j/N);
 142              		.loc 1 46 0 discriminator 3
 143 003a 0134     		adds	r4, r4, #1
 144              	.LVL13:
 145              	.L7:
  46:dac.c         ****         signal[j]=sin(2*PI*j/N);
 146              		.loc 1 46 0 is_stmt 0 discriminator 1
 147 003c 2D4B     		ldr	r3, .L15+12
 148 003e 1D68     		ldr	r5, [r3]
 149 0040 AC42     		cmp	r4, r5
 150 0042 E0DB     		blt	.L8
 151              	.LBE2:
  48:dac.c         ****     }
  49:dac.c         ****     
  50:dac.c         ****     /* Place your initialization/startup code here (e.g. MyInst_Start()) */
  51:dac.c         ****     CyGlobalIntEnable;  /* Enable global interrupts. */
 152              		.loc 1 51 0 is_stmt 1
 153              		.syntax unified
 154              	@ 51 "dac.c" 1
 155 0044 62B6     		CPSIE   i
 156              	@ 0 "" 2
  52:dac.c         ****     LCD_Char_ClearDisplay();
 157              		.loc 1 52 0
 158              		.thumb
 159              		.syntax unified
 160 0046 0120     		movs	r0, #1
 161 0048 FFF7FEFF 		bl	LCD_Char_WriteControl
 162              	.LVL14:
  53:dac.c         ****     ADC_Start();
 163              		.loc 1 53 0
 164 004c FFF7FEFF 		bl	ADC_Start
 165              	.LVL15:
  54:dac.c         ****     ADC_StartConvert();
 166              		.loc 1 54 0
 167 0050 FFF7FEFF 		bl	ADC_StartConvert
 168              	.LVL16:
  55:dac.c         ****     DAC_Start();
 169              		.loc 1 55 0
 170 0054 FFF7FEFF 		bl	DAC_Start
 171              	.LVL17:
ARM GAS  C:\Users\sucra\AppData\Local\Temp\ccDW7Gmf.s 			page 5


  56:dac.c         ****     DAC_SetValue(0);
 172              		.loc 1 56 0
 173 0058 0020     		movs	r0, #0
 174 005a FFF7FEFF 		bl	DAC_SetValue
 175              	.LVL18:
  57:dac.c         ****     ISR_Timer_DAC_StartEx(ISR_Timer_DAC_Handler);
 176              		.loc 1 57 0
 177 005e 2648     		ldr	r0, .L15+16
 178 0060 FFF7FEFF 		bl	ISR_Timer_DAC_StartEx
 179              	.LVL19:
  58:dac.c         ****     Timer_Start();
 180              		.loc 1 58 0
 181 0064 FFF7FEFF 		bl	Timer_Start
 182              	.LVL20:
  59:dac.c         ****     Timer_DAC_Start();
 183              		.loc 1 59 0
 184 0068 FFF7FEFF 		bl	Timer_DAC_Start
 185              	.LVL21:
  60:dac.c         ****     LED4_Write(1);
 186              		.loc 1 60 0
 187 006c 0120     		movs	r0, #1
 188 006e FFF7FEFF 		bl	LED4_Write
 189              	.LVL22:
  44:dac.c         ****     
 190              		.loc 1 44 0
 191 0072 0024     		movs	r4, #0
 192              	.LVL23:
 193              	.L9:
  61:dac.c         ****     
  62:dac.c         ****       
  63:dac.c         ****     for(;;){  
  64:dac.c         ****     
  65:dac.c         ****       
  66:dac.c         ****     if(0x80 & Timer_ReadStatusRegister()){
 194              		.loc 1 66 0
 195 0074 FFF7FEFF 		bl	Timer_ReadStatusRegister
 196              	.LVL24:
 197 0078 10F0800F 		tst	r0, #128
 198 007c 0DD0     		beq	.L10
  67:dac.c         ****         if (cnt < 1000){
 199              		.loc 1 67 0
 200 007e B4F57A7F 		cmp	r4, #1000
 201 0082 02D2     		bcs	.L11
  68:dac.c         ****             cnt++;
 202              		.loc 1 68 0
 203 0084 0134     		adds	r4, r4, #1
 204              	.LVL25:
 205 0086 A4B2     		uxth	r4, r4
 206              	.LVL26:
 207 0088 07E0     		b	.L10
 208              	.L11:
  69:dac.c         ****         }
  70:dac.c         ****         else{
  71:dac.c         ****             LED1_Write(!LED1_Read());
 209              		.loc 1 71 0
 210 008a FFF7FEFF 		bl	LED1_Read
 211              	.LVL27:
ARM GAS  C:\Users\sucra\AppData\Local\Temp\ccDW7Gmf.s 			page 6


 212 008e B0FA80F0 		clz	r0, r0
 213 0092 4009     		lsrs	r0, r0, #5
 214 0094 FFF7FEFF 		bl	LED1_Write
 215              	.LVL28:
  72:dac.c         ****             cnt=0;
 216              		.loc 1 72 0
 217 0098 0024     		movs	r4, #0
 218              	.LVL29:
 219              	.L10:
  73:dac.c         ****         }
  74:dac.c         ****     }
  75:dac.c         ****     
  76:dac.c         ****     if(0x80 & Timer_ReadStatusRegister()){
 220              		.loc 1 76 0
 221 009a FFF7FEFF 		bl	Timer_ReadStatusRegister
 222              	.LVL30:
 223 009e 10F0800F 		tst	r0, #128
 224 00a2 E7D0     		beq	.L9
  77:dac.c         ****         value=128+128*signal[i];
 225              		.loc 1 77 0
 226 00a4 154D     		ldr	r5, .L15+20
 227 00a6 2A88     		ldrh	r2, [r5]
 228 00a8 4FF08641 		mov	r1, #1124073472
 229 00ac 104B     		ldr	r3, .L15+8
 230 00ae 53F82200 		ldr	r0, [r3, r2, lsl #2]	@ float
 231 00b2 FFF7FEFF 		bl	__aeabi_fmul
 232              	.LVL31:
 233 00b6 4FF08641 		mov	r1, #1124073472
 234 00ba FFF7FEFF 		bl	__aeabi_fadd
 235              	.LVL32:
 236 00be FFF7FEFF 		bl	__aeabi_f2uiz
 237              	.LVL33:
 238 00c2 C0B2     		uxtb	r0, r0
 239 00c4 0E4B     		ldr	r3, .L15+24
 240 00c6 1870     		strb	r0, [r3]
  78:dac.c         ****         DAC_SetValue(value);
 241              		.loc 1 78 0
 242 00c8 FFF7FEFF 		bl	DAC_SetValue
 243              	.LVL34:
  79:dac.c         ****         i++;
 244              		.loc 1 79 0
 245 00cc 2B88     		ldrh	r3, [r5]
 246 00ce 0133     		adds	r3, r3, #1
 247 00d0 9BB2     		uxth	r3, r3
 248 00d2 2B80     		strh	r3, [r5]	@ movhi
  80:dac.c         ****         if (i==N){i=0;}
 249              		.loc 1 80 0
 250 00d4 074A     		ldr	r2, .L15+12
 251 00d6 1268     		ldr	r2, [r2]
 252 00d8 9342     		cmp	r3, r2
 253 00da 01D1     		bne	.L13
 254              		.loc 1 80 0 is_stmt 0 discriminator 1
 255 00dc 0022     		movs	r2, #0
 256 00de 2A80     		strh	r2, [r5]	@ movhi
 257              	.L13:
  81:dac.c         ****         Timer_DAC_ReadStatusRegister();
 258              		.loc 1 81 0 is_stmt 1
ARM GAS  C:\Users\sucra\AppData\Local\Temp\ccDW7Gmf.s 			page 7


 259 00e0 FFF7FEFF 		bl	Timer_DAC_ReadStatusRegister
 260              	.LVL35:
 261 00e4 C6E7     		b	.L9
 262              	.L16:
 263 00e6 00BF     		.align	3
 264              	.L15:
 265 00e8 1F85EB51 		.word	1374389535
 266 00ec B81E1940 		.word	1075388088
 267 00f0 00000000 		.word	signal
 268 00f4 00000000 		.word	.LANCHOR1
 269 00f8 00000000 		.word	ISR_Timer_DAC_Handler
 270 00fc 00000000 		.word	.LANCHOR0
 271 0100 00000000 		.word	value
 272              		.cfi_endproc
 273              	.LFE65:
 274              		.size	dac, .-dac
 275              		.comm	s,400,4
 276              		.global	b
 277              		.global	y
 278              		.comm	x,4,4
 279              		.comm	value,1,1
 280              		.global	i
 281              		.comm	signal,400,4
 282              		.global	N
 283              		.data
 284              		.align	2
 285              		.set	.LANCHOR1,. + 0
 286              		.type	N, %object
 287              		.size	N, 4
 288              	N:
 289 0000 64000000 		.word	100
 290              		.bss
 291              		.align	2
 292              		.set	.LANCHOR0,. + 0
 293              		.type	i, %object
 294              		.size	i, 2
 295              	i:
 296 0000 0000     		.space	2
 297 0002 0000     		.space	2
 298              		.type	b, %object
 299              		.size	b, 100
 300              	b:
 301 0004 00000000 		.space	100
 301      00000000 
 301      00000000 
 301      00000000 
 301      00000000 
 302              		.type	y, %object
 303              		.size	y, 4
 304              	y:
 305 0068 00000000 		.space	4
 306              		.text
 307              	.Letext0:
 308              		.file 2 "c:\\program files (x86)\\cypress\\psoc creator\\4.4\\psoc creator\\import\\gnu\\arm\\5.4.
 309              		.file 3 "c:\\program files (x86)\\cypress\\psoc creator\\4.4\\psoc creator\\import\\gnu\\arm\\5.4.
 310              		.file 4 "Generated_Source\\PSoC5/core_cm3.h"
 311              		.file 5 "Generated_Source\\PSoC5/Timer_DAC_ISR.h"
ARM GAS  C:\Users\sucra\AppData\Local\Temp\ccDW7Gmf.s 			page 8


 312              		.file 6 "Generated_Source\\PSoC5/LCD_Char.h"
 313              		.file 7 "Generated_Source\\PSoC5/ADC.h"
 314              		.file 8 "Generated_Source\\PSoC5/ISR_Timer_DAC.h"
 315              		.file 9 "Generated_Source\\PSoC5/Timer.h"
 316              		.file 10 "Generated_Source\\PSoC5/Timer_DAC.h"
 317              		.file 11 "Generated_Source\\PSoC5/LED4.h"
 318              		.file 12 "Generated_Source\\PSoC5/LED1.h"
 319              		.file 13 "c:\\program files (x86)\\cypress\\psoc creator\\4.4\\psoc creator\\import\\gnu\\arm\\5.4
 320              		.section	.debug_info,"",%progbits
 321              	.Ldebug_info0:
 322 0000 7A030000 		.4byte	0x37a
 323 0004 0400     		.2byte	0x4
 324 0006 00000000 		.4byte	.Ldebug_abbrev0
 325 000a 04       		.byte	0x4
 326 000b 01       		.uleb128 0x1
 327 000c A2010000 		.4byte	.LASF37
 328 0010 0C       		.byte	0xc
 329 0011 74000000 		.4byte	.LASF38
 330 0015 53010000 		.4byte	.LASF39
 331 0019 00000000 		.4byte	.Ldebug_ranges0+0
 332 001d 00000000 		.4byte	0
 333 0021 00000000 		.4byte	.Ldebug_line0
 334 0025 02       		.uleb128 0x2
 335 0026 01       		.byte	0x1
 336 0027 06       		.byte	0x6
 337 0028 8F020000 		.4byte	.LASF0
 338 002c 03       		.uleb128 0x3
 339 002d 19000000 		.4byte	.LASF3
 340 0031 02       		.byte	0x2
 341 0032 1D       		.byte	0x1d
 342 0033 37000000 		.4byte	0x37
 343 0037 02       		.uleb128 0x2
 344 0038 01       		.byte	0x1
 345 0039 08       		.byte	0x8
 346 003a FC000000 		.4byte	.LASF1
 347 003e 02       		.uleb128 0x2
 348 003f 02       		.byte	0x2
 349 0040 05       		.byte	0x5
 350 0041 5C020000 		.4byte	.LASF2
 351 0045 03       		.uleb128 0x3
 352 0046 66020000 		.4byte	.LASF4
 353 004a 02       		.byte	0x2
 354 004b 2B       		.byte	0x2b
 355 004c 50000000 		.4byte	0x50
 356 0050 02       		.uleb128 0x2
 357 0051 02       		.byte	0x2
 358 0052 07       		.byte	0x7
 359 0053 9B020000 		.4byte	.LASF5
 360 0057 03       		.uleb128 0x3
 361 0058 30000000 		.4byte	.LASF6
 362 005c 02       		.byte	0x2
 363 005d 3F       		.byte	0x3f
 364 005e 62000000 		.4byte	0x62
 365 0062 02       		.uleb128 0x2
 366 0063 04       		.byte	0x4
 367 0064 05       		.byte	0x5
 368 0065 7A020000 		.4byte	.LASF7
ARM GAS  C:\Users\sucra\AppData\Local\Temp\ccDW7Gmf.s 			page 9


 369 0069 02       		.uleb128 0x2
 370 006a 04       		.byte	0x4
 371 006b 07       		.byte	0x7
 372 006c B2000000 		.4byte	.LASF8
 373 0070 02       		.uleb128 0x2
 374 0071 08       		.byte	0x8
 375 0072 05       		.byte	0x5
 376 0073 00000000 		.4byte	.LASF9
 377 0077 02       		.uleb128 0x2
 378 0078 08       		.byte	0x8
 379 0079 07       		.byte	0x7
 380 007a 34010000 		.4byte	.LASF10
 381 007e 04       		.uleb128 0x4
 382 007f 04       		.byte	0x4
 383 0080 05       		.byte	0x5
 384 0081 696E7400 		.ascii	"int\000"
 385 0085 02       		.uleb128 0x2
 386 0086 04       		.byte	0x4
 387 0087 07       		.byte	0x7
 388 0088 27010000 		.4byte	.LASF11
 389 008c 03       		.uleb128 0x3
 390 008d 4B010000 		.4byte	.LASF12
 391 0091 03       		.byte	0x3
 392 0092 18       		.byte	0x18
 393 0093 2C000000 		.4byte	0x2c
 394 0097 03       		.uleb128 0x3
 395 0098 71020000 		.4byte	.LASF13
 396 009c 03       		.byte	0x3
 397 009d 24       		.byte	0x24
 398 009e 45000000 		.4byte	0x45
 399 00a2 03       		.uleb128 0x3
 400 00a3 30020000 		.4byte	.LASF14
 401 00a7 03       		.byte	0x3
 402 00a8 2C       		.byte	0x2c
 403 00a9 57000000 		.4byte	0x57
 404 00ad 02       		.uleb128 0x2
 405 00ae 04       		.byte	0x4
 406 00af 04       		.byte	0x4
 407 00b0 7A000000 		.4byte	.LASF15
 408 00b4 02       		.uleb128 0x2
 409 00b5 08       		.byte	0x8
 410 00b6 04       		.byte	0x4
 411 00b7 14010000 		.4byte	.LASF16
 412 00bb 02       		.uleb128 0x2
 413 00bc 01       		.byte	0x1
 414 00bd 08       		.byte	0x8
 415 00be 41020000 		.4byte	.LASF17
 416 00c2 02       		.uleb128 0x2
 417 00c3 08       		.byte	0x8
 418 00c4 04       		.byte	0x4
 419 00c5 83020000 		.4byte	.LASF18
 420 00c9 02       		.uleb128 0x2
 421 00ca 04       		.byte	0x4
 422 00cb 07       		.byte	0x7
 423 00cc 38020000 		.4byte	.LASF19
 424 00d0 05       		.uleb128 0x5
 425 00d1 C7020000 		.4byte	.LASF40
ARM GAS  C:\Users\sucra\AppData\Local\Temp\ccDW7Gmf.s 			page 10


 426 00d5 01       		.byte	0x1
 427 00d6 1B       		.byte	0x1b
 428 00d7 00000000 		.4byte	.LFB64
 429 00db 54000000 		.4byte	.LFE64-.LFB64
 430 00df 01       		.uleb128 0x1
 431 00e0 9C       		.byte	0x9c
 432 00e1 09010000 		.4byte	0x109
 433 00e5 06       		.uleb128 0x6
 434 00e6 4A000000 		.4byte	.LASF20
 435 00ea 01       		.byte	0x1
 436 00eb 1D       		.byte	0x1d
 437 00ec 7E000000 		.4byte	0x7e
 438 00f0 F6000000 		.4byte	0xf6
 439 00f4 07       		.uleb128 0x7
 440 00f5 00       		.byte	0
 441 00f6 08       		.uleb128 0x8
 442 00f7 2A000000 		.4byte	.LVL3
 443 00fb D8020000 		.4byte	0x2d8
 444 00ff 08       		.uleb128 0x8
 445 0100 42000000 		.4byte	.LVL4
 446 0104 E3020000 		.4byte	0x2e3
 447 0108 00       		.byte	0
 448 0109 09       		.uleb128 0x9
 449 010a 64616300 		.ascii	"dac\000"
 450 010e 01       		.byte	0x1
 451 010f 29       		.byte	0x29
 452 0110 7E000000 		.4byte	0x7e
 453 0114 00000000 		.4byte	.LFB65
 454 0118 04010000 		.4byte	.LFE65-.LFB65
 455 011c 01       		.uleb128 0x1
 456 011d 9C       		.byte	0x9c
 457 011e 2B020000 		.4byte	0x22b
 458 0122 0A       		.uleb128 0xa
 459 0123 636E7400 		.ascii	"cnt\000"
 460 0127 01       		.byte	0x1
 461 0128 2C       		.byte	0x2c
 462 0129 97000000 		.4byte	0x97
 463 012d 00000000 		.4byte	.LLST0
 464 0131 06       		.uleb128 0x6
 465 0132 0A010000 		.4byte	.LASF21
 466 0136 01       		.byte	0x1
 467 0137 37       		.byte	0x37
 468 0138 7E000000 		.4byte	0x7e
 469 013c 42010000 		.4byte	0x142
 470 0140 07       		.uleb128 0x7
 471 0141 00       		.byte	0
 472 0142 06       		.uleb128 0x6
 473 0143 4A000000 		.4byte	.LASF20
 474 0147 01       		.byte	0x1
 475 0148 1D       		.byte	0x1d
 476 0149 7E000000 		.4byte	0x7e
 477 014d 53010000 		.4byte	0x153
 478 0151 07       		.uleb128 0x7
 479 0152 00       		.byte	0
 480 0153 0B       		.uleb128 0xb
 481 0154 02000000 		.4byte	.LBB2
 482 0158 42000000 		.4byte	.LBE2-.LBB2
ARM GAS  C:\Users\sucra\AppData\Local\Temp\ccDW7Gmf.s 			page 11


 483 015c 77010000 		.4byte	0x177
 484 0160 0A       		.uleb128 0xa
 485 0161 6A00     		.ascii	"j\000"
 486 0163 01       		.byte	0x1
 487 0164 2E       		.byte	0x2e
 488 0165 7E000000 		.4byte	0x7e
 489 0169 41000000 		.4byte	.LLST1
 490 016d 08       		.uleb128 0x8
 491 016e 30000000 		.4byte	.LVL11
 492 0172 EE020000 		.4byte	0x2ee
 493 0176 00       		.byte	0
 494 0177 0C       		.uleb128 0xc
 495 0178 4C000000 		.4byte	.LVL14
 496 017c F9020000 		.4byte	0x2f9
 497 0180 8A010000 		.4byte	0x18a
 498 0184 0D       		.uleb128 0xd
 499 0185 01       		.uleb128 0x1
 500 0186 50       		.byte	0x50
 501 0187 01       		.uleb128 0x1
 502 0188 31       		.byte	0x31
 503 0189 00       		.byte	0
 504 018a 08       		.uleb128 0x8
 505 018b 50000000 		.4byte	.LVL15
 506 018f 04030000 		.4byte	0x304
 507 0193 08       		.uleb128 0x8
 508 0194 54000000 		.4byte	.LVL16
 509 0198 0F030000 		.4byte	0x30f
 510 019c 08       		.uleb128 0x8
 511 019d 58000000 		.4byte	.LVL17
 512 01a1 1A030000 		.4byte	0x31a
 513 01a5 0C       		.uleb128 0xc
 514 01a6 5E000000 		.4byte	.LVL18
 515 01aa D8020000 		.4byte	0x2d8
 516 01ae B8010000 		.4byte	0x1b8
 517 01b2 0D       		.uleb128 0xd
 518 01b3 01       		.uleb128 0x1
 519 01b4 50       		.byte	0x50
 520 01b5 01       		.uleb128 0x1
 521 01b6 30       		.byte	0x30
 522 01b7 00       		.byte	0
 523 01b8 0C       		.uleb128 0xc
 524 01b9 64000000 		.4byte	.LVL19
 525 01bd 25030000 		.4byte	0x325
 526 01c1 CF010000 		.4byte	0x1cf
 527 01c5 0D       		.uleb128 0xd
 528 01c6 01       		.uleb128 0x1
 529 01c7 50       		.byte	0x50
 530 01c8 05       		.uleb128 0x5
 531 01c9 03       		.byte	0x3
 532 01ca 00000000 		.4byte	ISR_Timer_DAC_Handler
 533 01ce 00       		.byte	0
 534 01cf 08       		.uleb128 0x8
 535 01d0 68000000 		.4byte	.LVL20
 536 01d4 30030000 		.4byte	0x330
 537 01d8 08       		.uleb128 0x8
 538 01d9 6C000000 		.4byte	.LVL21
 539 01dd 3B030000 		.4byte	0x33b
ARM GAS  C:\Users\sucra\AppData\Local\Temp\ccDW7Gmf.s 			page 12


 540 01e1 0C       		.uleb128 0xc
 541 01e2 72000000 		.4byte	.LVL22
 542 01e6 46030000 		.4byte	0x346
 543 01ea F4010000 		.4byte	0x1f4
 544 01ee 0D       		.uleb128 0xd
 545 01ef 01       		.uleb128 0x1
 546 01f0 50       		.byte	0x50
 547 01f1 01       		.uleb128 0x1
 548 01f2 31       		.byte	0x31
 549 01f3 00       		.byte	0
 550 01f4 08       		.uleb128 0x8
 551 01f5 78000000 		.4byte	.LVL24
 552 01f9 51030000 		.4byte	0x351
 553 01fd 08       		.uleb128 0x8
 554 01fe 8E000000 		.4byte	.LVL27
 555 0202 5C030000 		.4byte	0x35c
 556 0206 08       		.uleb128 0x8
 557 0207 98000000 		.4byte	.LVL28
 558 020b 67030000 		.4byte	0x367
 559 020f 08       		.uleb128 0x8
 560 0210 9E000000 		.4byte	.LVL30
 561 0214 51030000 		.4byte	0x351
 562 0218 08       		.uleb128 0x8
 563 0219 CC000000 		.4byte	.LVL34
 564 021d D8020000 		.4byte	0x2d8
 565 0221 08       		.uleb128 0x8
 566 0222 E4000000 		.4byte	.LVL35
 567 0226 72030000 		.4byte	0x372
 568 022a 00       		.byte	0
 569 022b 0E       		.uleb128 0xe
 570 022c EF000000 		.4byte	.LASF22
 571 0230 04       		.byte	0x4
 572 0231 1207     		.2byte	0x712
 573 0233 37020000 		.4byte	0x237
 574 0237 0F       		.uleb128 0xf
 575 0238 A2000000 		.4byte	0xa2
 576 023c 10       		.uleb128 0x10
 577 023d 4E00     		.ascii	"N\000"
 578 023f 01       		.byte	0x1
 579 0240 16       		.byte	0x16
 580 0241 7E000000 		.4byte	0x7e
 581 0245 05       		.uleb128 0x5
 582 0246 03       		.byte	0x3
 583 0247 00000000 		.4byte	N
 584 024b 11       		.uleb128 0x11
 585 024c AD000000 		.4byte	0xad
 586 0250 5B020000 		.4byte	0x25b
 587 0254 12       		.uleb128 0x12
 588 0255 C9000000 		.4byte	0xc9
 589 0259 63       		.byte	0x63
 590 025a 00       		.byte	0
 591 025b 13       		.uleb128 0x13
 592 025c 29000000 		.4byte	.LASF23
 593 0260 01       		.byte	0x1
 594 0261 17       		.byte	0x17
 595 0262 4B020000 		.4byte	0x24b
 596 0266 05       		.uleb128 0x5
ARM GAS  C:\Users\sucra\AppData\Local\Temp\ccDW7Gmf.s 			page 13


 597 0267 03       		.byte	0x3
 598 0268 00000000 		.4byte	signal
 599 026c 10       		.uleb128 0x10
 600 026d 6900     		.ascii	"i\000"
 601 026f 01       		.byte	0x1
 602 0270 18       		.byte	0x18
 603 0271 97000000 		.4byte	0x97
 604 0275 05       		.uleb128 0x5
 605 0276 03       		.byte	0x3
 606 0277 00000000 		.4byte	i
 607 027b 13       		.uleb128 0x13
 608 027c 23000000 		.4byte	.LASF24
 609 0280 01       		.byte	0x1
 610 0281 19       		.byte	0x19
 611 0282 8C000000 		.4byte	0x8c
 612 0286 05       		.uleb128 0x5
 613 0287 03       		.byte	0x3
 614 0288 00000000 		.4byte	value
 615 028c 10       		.uleb128 0x10
 616 028d 7800     		.ascii	"x\000"
 617 028f 01       		.byte	0x1
 618 0290 23       		.byte	0x23
 619 0291 AD000000 		.4byte	0xad
 620 0295 05       		.uleb128 0x5
 621 0296 03       		.byte	0x3
 622 0297 00000000 		.4byte	x
 623 029b 10       		.uleb128 0x10
 624 029c 7900     		.ascii	"y\000"
 625 029e 01       		.byte	0x1
 626 029f 23       		.byte	0x23
 627 02a0 AD000000 		.4byte	0xad
 628 02a4 05       		.uleb128 0x5
 629 02a5 03       		.byte	0x3
 630 02a6 00000000 		.4byte	y
 631 02aa 11       		.uleb128 0x11
 632 02ab BB000000 		.4byte	0xbb
 633 02af BA020000 		.4byte	0x2ba
 634 02b3 12       		.uleb128 0x12
 635 02b4 C9000000 		.4byte	0xc9
 636 02b8 63       		.byte	0x63
 637 02b9 00       		.byte	0
 638 02ba 10       		.uleb128 0x10
 639 02bb 6200     		.ascii	"b\000"
 640 02bd 01       		.byte	0x1
 641 02be 24       		.byte	0x24
 642 02bf AA020000 		.4byte	0x2aa
 643 02c3 05       		.uleb128 0x5
 644 02c4 03       		.byte	0x3
 645 02c5 00000000 		.4byte	b
 646 02c9 10       		.uleb128 0x10
 647 02ca 7300     		.ascii	"s\000"
 648 02cc 01       		.byte	0x1
 649 02cd 25       		.byte	0x25
 650 02ce 4B020000 		.4byte	0x24b
 651 02d2 05       		.uleb128 0x5
 652 02d3 03       		.byte	0x3
 653 02d4 00000000 		.4byte	s
ARM GAS  C:\Users\sucra\AppData\Local\Temp\ccDW7Gmf.s 			page 14


 654 02d8 14       		.uleb128 0x14
 655 02d9 4A000000 		.4byte	.LASF20
 656 02dd 4A000000 		.4byte	.LASF20
 657 02e1 01       		.byte	0x1
 658 02e2 1D       		.byte	0x1d
 659 02e3 14       		.uleb128 0x14
 660 02e4 CE000000 		.4byte	.LASF25
 661 02e8 CE000000 		.4byte	.LASF25
 662 02ec 05       		.byte	0x5
 663 02ed 5E       		.byte	0x5e
 664 02ee 15       		.uleb128 0x15
 665 02ef 73696E00 		.ascii	"sin\000"
 666 02f3 73696E00 		.ascii	"sin\000"
 667 02f7 0D       		.byte	0xd
 668 02f8 6F       		.byte	0x6f
 669 02f9 14       		.uleb128 0x14
 670 02fa 46020000 		.4byte	.LASF26
 671 02fe 46020000 		.4byte	.LASF26
 672 0302 06       		.byte	0x6
 673 0303 3A       		.byte	0x3a
 674 0304 14       		.uleb128 0x14
 675 0305 98010000 		.4byte	.LASF27
 676 0309 98010000 		.4byte	.LASF27
 677 030d 07       		.byte	0x7
 678 030e 3A       		.byte	0x3a
 679 030f 14       		.uleb128 0x14
 680 0310 A1000000 		.4byte	.LASF28
 681 0314 A1000000 		.4byte	.LASF28
 682 0318 07       		.byte	0x7
 683 0319 3D       		.byte	0x3d
 684 031a 14       		.uleb128 0x14
 685 031b 0A010000 		.4byte	.LASF21
 686 031f 0A010000 		.4byte	.LASF21
 687 0323 01       		.byte	0x1
 688 0324 37       		.byte	0x37
 689 0325 14       		.uleb128 0x14
 690 0326 8B000000 		.4byte	.LASF29
 691 032a 8B000000 		.4byte	.LASF29
 692 032e 08       		.byte	0x8
 693 032f 18       		.byte	0x18
 694 0330 14       		.uleb128 0x14
 695 0331 1B010000 		.4byte	.LASF30
 696 0335 1B010000 		.4byte	.LASF30
 697 0339 09       		.byte	0x9
 698 033a 5A       		.byte	0x5a
 699 033b 14       		.uleb128 0x14
 700 033c 3A000000 		.4byte	.LASF31
 701 0340 3A000000 		.4byte	.LASF31
 702 0344 0A       		.byte	0xa
 703 0345 5A       		.byte	0x5a
 704 0346 14       		.uleb128 0x14
 705 0347 80000000 		.4byte	.LASF32
 706 034b 80000000 		.4byte	.LASF32
 707 034f 0B       		.byte	0xb
 708 0350 26       		.byte	0x26
 709 0351 14       		.uleb128 0x14
 710 0352 AE020000 		.4byte	.LASF33
ARM GAS  C:\Users\sucra\AppData\Local\Temp\ccDW7Gmf.s 			page 15


 711 0356 AE020000 		.4byte	.LASF33
 712 035a 09       		.byte	0x9
 713 035b 5E       		.byte	0x5e
 714 035c 14       		.uleb128 0x14
 715 035d C4000000 		.4byte	.LASF34
 716 0361 C4000000 		.4byte	.LASF34
 717 0365 0C       		.byte	0xc
 718 0366 29       		.byte	0x29
 719 0367 14       		.uleb128 0x14
 720 0368 0E000000 		.4byte	.LASF35
 721 036c 0E000000 		.4byte	.LASF35
 722 0370 0C       		.byte	0xc
 723 0371 26       		.byte	0x26
 724 0372 14       		.uleb128 0x14
 725 0373 57000000 		.4byte	.LASF36
 726 0377 57000000 		.4byte	.LASF36
 727 037b 0A       		.byte	0xa
 728 037c 5E       		.byte	0x5e
 729 037d 00       		.byte	0
 730              		.section	.debug_abbrev,"",%progbits
 731              	.Ldebug_abbrev0:
 732 0000 01       		.uleb128 0x1
 733 0001 11       		.uleb128 0x11
 734 0002 01       		.byte	0x1
 735 0003 25       		.uleb128 0x25
 736 0004 0E       		.uleb128 0xe
 737 0005 13       		.uleb128 0x13
 738 0006 0B       		.uleb128 0xb
 739 0007 03       		.uleb128 0x3
 740 0008 0E       		.uleb128 0xe
 741 0009 1B       		.uleb128 0x1b
 742 000a 0E       		.uleb128 0xe
 743 000b 55       		.uleb128 0x55
 744 000c 17       		.uleb128 0x17
 745 000d 11       		.uleb128 0x11
 746 000e 01       		.uleb128 0x1
 747 000f 10       		.uleb128 0x10
 748 0010 17       		.uleb128 0x17
 749 0011 00       		.byte	0
 750 0012 00       		.byte	0
 751 0013 02       		.uleb128 0x2
 752 0014 24       		.uleb128 0x24
 753 0015 00       		.byte	0
 754 0016 0B       		.uleb128 0xb
 755 0017 0B       		.uleb128 0xb
 756 0018 3E       		.uleb128 0x3e
 757 0019 0B       		.uleb128 0xb
 758 001a 03       		.uleb128 0x3
 759 001b 0E       		.uleb128 0xe
 760 001c 00       		.byte	0
 761 001d 00       		.byte	0
 762 001e 03       		.uleb128 0x3
 763 001f 16       		.uleb128 0x16
 764 0020 00       		.byte	0
 765 0021 03       		.uleb128 0x3
 766 0022 0E       		.uleb128 0xe
 767 0023 3A       		.uleb128 0x3a
ARM GAS  C:\Users\sucra\AppData\Local\Temp\ccDW7Gmf.s 			page 16


 768 0024 0B       		.uleb128 0xb
 769 0025 3B       		.uleb128 0x3b
 770 0026 0B       		.uleb128 0xb
 771 0027 49       		.uleb128 0x49
 772 0028 13       		.uleb128 0x13
 773 0029 00       		.byte	0
 774 002a 00       		.byte	0
 775 002b 04       		.uleb128 0x4
 776 002c 24       		.uleb128 0x24
 777 002d 00       		.byte	0
 778 002e 0B       		.uleb128 0xb
 779 002f 0B       		.uleb128 0xb
 780 0030 3E       		.uleb128 0x3e
 781 0031 0B       		.uleb128 0xb
 782 0032 03       		.uleb128 0x3
 783 0033 08       		.uleb128 0x8
 784 0034 00       		.byte	0
 785 0035 00       		.byte	0
 786 0036 05       		.uleb128 0x5
 787 0037 2E       		.uleb128 0x2e
 788 0038 01       		.byte	0x1
 789 0039 3F       		.uleb128 0x3f
 790 003a 19       		.uleb128 0x19
 791 003b 03       		.uleb128 0x3
 792 003c 0E       		.uleb128 0xe
 793 003d 3A       		.uleb128 0x3a
 794 003e 0B       		.uleb128 0xb
 795 003f 3B       		.uleb128 0x3b
 796 0040 0B       		.uleb128 0xb
 797 0041 27       		.uleb128 0x27
 798 0042 19       		.uleb128 0x19
 799 0043 11       		.uleb128 0x11
 800 0044 01       		.uleb128 0x1
 801 0045 12       		.uleb128 0x12
 802 0046 06       		.uleb128 0x6
 803 0047 40       		.uleb128 0x40
 804 0048 18       		.uleb128 0x18
 805 0049 9642     		.uleb128 0x2116
 806 004b 19       		.uleb128 0x19
 807 004c 01       		.uleb128 0x1
 808 004d 13       		.uleb128 0x13
 809 004e 00       		.byte	0
 810 004f 00       		.byte	0
 811 0050 06       		.uleb128 0x6
 812 0051 2E       		.uleb128 0x2e
 813 0052 01       		.byte	0x1
 814 0053 3F       		.uleb128 0x3f
 815 0054 19       		.uleb128 0x19
 816 0055 03       		.uleb128 0x3
 817 0056 0E       		.uleb128 0xe
 818 0057 3A       		.uleb128 0x3a
 819 0058 0B       		.uleb128 0xb
 820 0059 3B       		.uleb128 0x3b
 821 005a 0B       		.uleb128 0xb
 822 005b 49       		.uleb128 0x49
 823 005c 13       		.uleb128 0x13
 824 005d 3C       		.uleb128 0x3c
ARM GAS  C:\Users\sucra\AppData\Local\Temp\ccDW7Gmf.s 			page 17


 825 005e 19       		.uleb128 0x19
 826 005f 01       		.uleb128 0x1
 827 0060 13       		.uleb128 0x13
 828 0061 00       		.byte	0
 829 0062 00       		.byte	0
 830 0063 07       		.uleb128 0x7
 831 0064 18       		.uleb128 0x18
 832 0065 00       		.byte	0
 833 0066 00       		.byte	0
 834 0067 00       		.byte	0
 835 0068 08       		.uleb128 0x8
 836 0069 898201   		.uleb128 0x4109
 837 006c 00       		.byte	0
 838 006d 11       		.uleb128 0x11
 839 006e 01       		.uleb128 0x1
 840 006f 31       		.uleb128 0x31
 841 0070 13       		.uleb128 0x13
 842 0071 00       		.byte	0
 843 0072 00       		.byte	0
 844 0073 09       		.uleb128 0x9
 845 0074 2E       		.uleb128 0x2e
 846 0075 01       		.byte	0x1
 847 0076 3F       		.uleb128 0x3f
 848 0077 19       		.uleb128 0x19
 849 0078 03       		.uleb128 0x3
 850 0079 08       		.uleb128 0x8
 851 007a 3A       		.uleb128 0x3a
 852 007b 0B       		.uleb128 0xb
 853 007c 3B       		.uleb128 0x3b
 854 007d 0B       		.uleb128 0xb
 855 007e 27       		.uleb128 0x27
 856 007f 19       		.uleb128 0x19
 857 0080 49       		.uleb128 0x49
 858 0081 13       		.uleb128 0x13
 859 0082 8701     		.uleb128 0x87
 860 0084 19       		.uleb128 0x19
 861 0085 11       		.uleb128 0x11
 862 0086 01       		.uleb128 0x1
 863 0087 12       		.uleb128 0x12
 864 0088 06       		.uleb128 0x6
 865 0089 40       		.uleb128 0x40
 866 008a 18       		.uleb128 0x18
 867 008b 9642     		.uleb128 0x2116
 868 008d 19       		.uleb128 0x19
 869 008e 01       		.uleb128 0x1
 870 008f 13       		.uleb128 0x13
 871 0090 00       		.byte	0
 872 0091 00       		.byte	0
 873 0092 0A       		.uleb128 0xa
 874 0093 34       		.uleb128 0x34
 875 0094 00       		.byte	0
 876 0095 03       		.uleb128 0x3
 877 0096 08       		.uleb128 0x8
 878 0097 3A       		.uleb128 0x3a
 879 0098 0B       		.uleb128 0xb
 880 0099 3B       		.uleb128 0x3b
 881 009a 0B       		.uleb128 0xb
ARM GAS  C:\Users\sucra\AppData\Local\Temp\ccDW7Gmf.s 			page 18


 882 009b 49       		.uleb128 0x49
 883 009c 13       		.uleb128 0x13
 884 009d 02       		.uleb128 0x2
 885 009e 17       		.uleb128 0x17
 886 009f 00       		.byte	0
 887 00a0 00       		.byte	0
 888 00a1 0B       		.uleb128 0xb
 889 00a2 0B       		.uleb128 0xb
 890 00a3 01       		.byte	0x1
 891 00a4 11       		.uleb128 0x11
 892 00a5 01       		.uleb128 0x1
 893 00a6 12       		.uleb128 0x12
 894 00a7 06       		.uleb128 0x6
 895 00a8 01       		.uleb128 0x1
 896 00a9 13       		.uleb128 0x13
 897 00aa 00       		.byte	0
 898 00ab 00       		.byte	0
 899 00ac 0C       		.uleb128 0xc
 900 00ad 898201   		.uleb128 0x4109
 901 00b0 01       		.byte	0x1
 902 00b1 11       		.uleb128 0x11
 903 00b2 01       		.uleb128 0x1
 904 00b3 31       		.uleb128 0x31
 905 00b4 13       		.uleb128 0x13
 906 00b5 01       		.uleb128 0x1
 907 00b6 13       		.uleb128 0x13
 908 00b7 00       		.byte	0
 909 00b8 00       		.byte	0
 910 00b9 0D       		.uleb128 0xd
 911 00ba 8A8201   		.uleb128 0x410a
 912 00bd 00       		.byte	0
 913 00be 02       		.uleb128 0x2
 914 00bf 18       		.uleb128 0x18
 915 00c0 9142     		.uleb128 0x2111
 916 00c2 18       		.uleb128 0x18
 917 00c3 00       		.byte	0
 918 00c4 00       		.byte	0
 919 00c5 0E       		.uleb128 0xe
 920 00c6 34       		.uleb128 0x34
 921 00c7 00       		.byte	0
 922 00c8 03       		.uleb128 0x3
 923 00c9 0E       		.uleb128 0xe
 924 00ca 3A       		.uleb128 0x3a
 925 00cb 0B       		.uleb128 0xb
 926 00cc 3B       		.uleb128 0x3b
 927 00cd 05       		.uleb128 0x5
 928 00ce 49       		.uleb128 0x49
 929 00cf 13       		.uleb128 0x13
 930 00d0 3F       		.uleb128 0x3f
 931 00d1 19       		.uleb128 0x19
 932 00d2 3C       		.uleb128 0x3c
 933 00d3 19       		.uleb128 0x19
 934 00d4 00       		.byte	0
 935 00d5 00       		.byte	0
 936 00d6 0F       		.uleb128 0xf
 937 00d7 35       		.uleb128 0x35
 938 00d8 00       		.byte	0
ARM GAS  C:\Users\sucra\AppData\Local\Temp\ccDW7Gmf.s 			page 19


 939 00d9 49       		.uleb128 0x49
 940 00da 13       		.uleb128 0x13
 941 00db 00       		.byte	0
 942 00dc 00       		.byte	0
 943 00dd 10       		.uleb128 0x10
 944 00de 34       		.uleb128 0x34
 945 00df 00       		.byte	0
 946 00e0 03       		.uleb128 0x3
 947 00e1 08       		.uleb128 0x8
 948 00e2 3A       		.uleb128 0x3a
 949 00e3 0B       		.uleb128 0xb
 950 00e4 3B       		.uleb128 0x3b
 951 00e5 0B       		.uleb128 0xb
 952 00e6 49       		.uleb128 0x49
 953 00e7 13       		.uleb128 0x13
 954 00e8 3F       		.uleb128 0x3f
 955 00e9 19       		.uleb128 0x19
 956 00ea 02       		.uleb128 0x2
 957 00eb 18       		.uleb128 0x18
 958 00ec 00       		.byte	0
 959 00ed 00       		.byte	0
 960 00ee 11       		.uleb128 0x11
 961 00ef 01       		.uleb128 0x1
 962 00f0 01       		.byte	0x1
 963 00f1 49       		.uleb128 0x49
 964 00f2 13       		.uleb128 0x13
 965 00f3 01       		.uleb128 0x1
 966 00f4 13       		.uleb128 0x13
 967 00f5 00       		.byte	0
 968 00f6 00       		.byte	0
 969 00f7 12       		.uleb128 0x12
 970 00f8 21       		.uleb128 0x21
 971 00f9 00       		.byte	0
 972 00fa 49       		.uleb128 0x49
 973 00fb 13       		.uleb128 0x13
 974 00fc 2F       		.uleb128 0x2f
 975 00fd 0B       		.uleb128 0xb
 976 00fe 00       		.byte	0
 977 00ff 00       		.byte	0
 978 0100 13       		.uleb128 0x13
 979 0101 34       		.uleb128 0x34
 980 0102 00       		.byte	0
 981 0103 03       		.uleb128 0x3
 982 0104 0E       		.uleb128 0xe
 983 0105 3A       		.uleb128 0x3a
 984 0106 0B       		.uleb128 0xb
 985 0107 3B       		.uleb128 0x3b
 986 0108 0B       		.uleb128 0xb
 987 0109 49       		.uleb128 0x49
 988 010a 13       		.uleb128 0x13
 989 010b 3F       		.uleb128 0x3f
 990 010c 19       		.uleb128 0x19
 991 010d 02       		.uleb128 0x2
 992 010e 18       		.uleb128 0x18
 993 010f 00       		.byte	0
 994 0110 00       		.byte	0
 995 0111 14       		.uleb128 0x14
ARM GAS  C:\Users\sucra\AppData\Local\Temp\ccDW7Gmf.s 			page 20


 996 0112 2E       		.uleb128 0x2e
 997 0113 00       		.byte	0
 998 0114 3F       		.uleb128 0x3f
 999 0115 19       		.uleb128 0x19
 1000 0116 3C       		.uleb128 0x3c
 1001 0117 19       		.uleb128 0x19
 1002 0118 6E       		.uleb128 0x6e
 1003 0119 0E       		.uleb128 0xe
 1004 011a 03       		.uleb128 0x3
 1005 011b 0E       		.uleb128 0xe
 1006 011c 3A       		.uleb128 0x3a
 1007 011d 0B       		.uleb128 0xb
 1008 011e 3B       		.uleb128 0x3b
 1009 011f 0B       		.uleb128 0xb
 1010 0120 00       		.byte	0
 1011 0121 00       		.byte	0
 1012 0122 15       		.uleb128 0x15
 1013 0123 2E       		.uleb128 0x2e
 1014 0124 00       		.byte	0
 1015 0125 3F       		.uleb128 0x3f
 1016 0126 19       		.uleb128 0x19
 1017 0127 3C       		.uleb128 0x3c
 1018 0128 19       		.uleb128 0x19
 1019 0129 6E       		.uleb128 0x6e
 1020 012a 08       		.uleb128 0x8
 1021 012b 03       		.uleb128 0x3
 1022 012c 08       		.uleb128 0x8
 1023 012d 3A       		.uleb128 0x3a
 1024 012e 0B       		.uleb128 0xb
 1025 012f 3B       		.uleb128 0x3b
 1026 0130 0B       		.uleb128 0xb
 1027 0131 00       		.byte	0
 1028 0132 00       		.byte	0
 1029 0133 00       		.byte	0
 1030              		.section	.debug_loc,"",%progbits
 1031              	.Ldebug_loc0:
 1032              	.LLST0:
 1033 0000 02000000 		.4byte	.LVL5
 1034 0004 74000000 		.4byte	.LVL23
 1035 0008 0200     		.2byte	0x2
 1036 000a 30       		.byte	0x30
 1037 000b 9F       		.byte	0x9f
 1038 000c 74000000 		.4byte	.LVL23
 1039 0010 86000000 		.4byte	.LVL25
 1040 0014 0100     		.2byte	0x1
 1041 0016 54       		.byte	0x54
 1042 0017 88000000 		.4byte	.LVL26
 1043 001b 98000000 		.4byte	.LVL28
 1044 001f 0100     		.2byte	0x1
 1045 0021 54       		.byte	0x54
 1046 0022 98000000 		.4byte	.LVL28
 1047 0026 9A000000 		.4byte	.LVL29
 1048 002a 0200     		.2byte	0x2
 1049 002c 30       		.byte	0x30
 1050 002d 9F       		.byte	0x9f
 1051 002e 9A000000 		.4byte	.LVL29
 1052 0032 04010000 		.4byte	.LFE65
ARM GAS  C:\Users\sucra\AppData\Local\Temp\ccDW7Gmf.s 			page 21


 1053 0036 0100     		.2byte	0x1
 1054 0038 54       		.byte	0x54
 1055 0039 00000000 		.4byte	0
 1056 003d 00000000 		.4byte	0
 1057              	.LLST1:
 1058 0041 02000000 		.4byte	.LVL5
 1059 0045 06000000 		.4byte	.LVL6
 1060 0049 0200     		.2byte	0x2
 1061 004b 30       		.byte	0x30
 1062 004c 9F       		.byte	0x9f
 1063 004d 06000000 		.4byte	.LVL6
 1064 0051 74000000 		.4byte	.LVL23
 1065 0055 0100     		.2byte	0x1
 1066 0057 54       		.byte	0x54
 1067 0058 00000000 		.4byte	0
 1068 005c 00000000 		.4byte	0
 1069              		.section	.debug_aranges,"",%progbits
 1070 0000 24000000 		.4byte	0x24
 1071 0004 0200     		.2byte	0x2
 1072 0006 00000000 		.4byte	.Ldebug_info0
 1073 000a 04       		.byte	0x4
 1074 000b 00       		.byte	0
 1075 000c 0000     		.2byte	0
 1076 000e 0000     		.2byte	0
 1077 0010 00000000 		.4byte	.LFB64
 1078 0014 54000000 		.4byte	.LFE64-.LFB64
 1079 0018 00000000 		.4byte	.LFB65
 1080 001c 04010000 		.4byte	.LFE65-.LFB65
 1081 0020 00000000 		.4byte	0
 1082 0024 00000000 		.4byte	0
 1083              		.section	.debug_ranges,"",%progbits
 1084              	.Ldebug_ranges0:
 1085 0000 00000000 		.4byte	.LFB64
 1086 0004 54000000 		.4byte	.LFE64
 1087 0008 00000000 		.4byte	.LFB65
 1088 000c 04010000 		.4byte	.LFE65
 1089 0010 00000000 		.4byte	0
 1090 0014 00000000 		.4byte	0
 1091              		.section	.debug_line,"",%progbits
 1092              	.Ldebug_line0:
 1093 0000 81020000 		.section	.debug_str,"MS",%progbits,1
 1093      02001B02 
 1093      00000201 
 1093      FB0E0D00 
 1093      01010101 
 1094              	.LASF9:
 1095 0000 6C6F6E67 		.ascii	"long long int\000"
 1095      206C6F6E 
 1095      6720696E 
 1095      7400
 1096              	.LASF35:
 1097 000e 4C454431 		.ascii	"LED1_Write\000"
 1097      5F577269 
 1097      746500
 1098              	.LASF3:
 1099 0019 5F5F7569 		.ascii	"__uint8_t\000"
 1099      6E74385F 
ARM GAS  C:\Users\sucra\AppData\Local\Temp\ccDW7Gmf.s 			page 22


 1099      7400
 1100              	.LASF24:
 1101 0023 76616C75 		.ascii	"value\000"
 1101      6500
 1102              	.LASF23:
 1103 0029 7369676E 		.ascii	"signal\000"
 1103      616C00
 1104              	.LASF6:
 1105 0030 5F5F696E 		.ascii	"__int32_t\000"
 1105      7433325F 
 1105      7400
 1106              	.LASF31:
 1107 003a 54696D65 		.ascii	"Timer_DAC_Start\000"
 1107      725F4441 
 1107      435F5374 
 1107      61727400 
 1108              	.LASF20:
 1109 004a 4441435F 		.ascii	"DAC_SetValue\000"
 1109      53657456 
 1109      616C7565 
 1109      00
 1110              	.LASF36:
 1111 0057 54696D65 		.ascii	"Timer_DAC_ReadStatusRegister\000"
 1111      725F4441 
 1111      435F5265 
 1111      61645374 
 1111      61747573 
 1112              	.LASF38:
 1113 0074 6461632E 		.ascii	"dac.c\000"
 1113      6300
 1114              	.LASF15:
 1115 007a 666C6F61 		.ascii	"float\000"
 1115      7400
 1116              	.LASF32:
 1117 0080 4C454434 		.ascii	"LED4_Write\000"
 1117      5F577269 
 1117      746500
 1118              	.LASF29:
 1119 008b 4953525F 		.ascii	"ISR_Timer_DAC_StartEx\000"
 1119      54696D65 
 1119      725F4441 
 1119      435F5374 
 1119      61727445 
 1120              	.LASF28:
 1121 00a1 4144435F 		.ascii	"ADC_StartConvert\000"
 1121      53746172 
 1121      74436F6E 
 1121      76657274 
 1121      00
 1122              	.LASF8:
 1123 00b2 6C6F6E67 		.ascii	"long unsigned int\000"
 1123      20756E73 
 1123      69676E65 
 1123      6420696E 
 1123      7400
 1124              	.LASF34:
 1125 00c4 4C454431 		.ascii	"LED1_Read\000"
ARM GAS  C:\Users\sucra\AppData\Local\Temp\ccDW7Gmf.s 			page 23


 1125      5F526561 
 1125      6400
 1126              	.LASF25:
 1127 00ce 54696D65 		.ascii	"Timer_DAC_ISR_ReadStatusRegister\000"
 1127      725F4441 
 1127      435F4953 
 1127      525F5265 
 1127      61645374 
 1128              	.LASF22:
 1129 00ef 49544D5F 		.ascii	"ITM_RxBuffer\000"
 1129      52784275 
 1129      66666572 
 1129      00
 1130              	.LASF1:
 1131 00fc 756E7369 		.ascii	"unsigned char\000"
 1131      676E6564 
 1131      20636861 
 1131      7200
 1132              	.LASF21:
 1133 010a 4441435F 		.ascii	"DAC_Start\000"
 1133      53746172 
 1133      7400
 1134              	.LASF16:
 1135 0114 646F7562 		.ascii	"double\000"
 1135      6C6500
 1136              	.LASF30:
 1137 011b 54696D65 		.ascii	"Timer_Start\000"
 1137      725F5374 
 1137      61727400 
 1138              	.LASF11:
 1139 0127 756E7369 		.ascii	"unsigned int\000"
 1139      676E6564 
 1139      20696E74 
 1139      00
 1140              	.LASF10:
 1141 0134 6C6F6E67 		.ascii	"long long unsigned int\000"
 1141      206C6F6E 
 1141      6720756E 
 1141      7369676E 
 1141      65642069 
 1142              	.LASF12:
 1143 014b 75696E74 		.ascii	"uint8_t\000"
 1143      385F7400 
 1144              	.LASF39:
 1145 0153 433A5C55 		.ascii	"C:\\Users\\sucra\\Documents\\ELECH310 Projet\\desig"
 1145      73657273 
 1145      5C737563 
 1145      72615C44 
 1145      6F63756D 
 1146 0181 6E312E63 		.ascii	"n1.cydsn\\design1.cydsn\000"
 1146      7964736E 
 1146      5C646573 
 1146      69676E31 
 1146      2E637964 
 1147              	.LASF27:
 1148 0198 4144435F 		.ascii	"ADC_Start\000"
 1148      53746172 
ARM GAS  C:\Users\sucra\AppData\Local\Temp\ccDW7Gmf.s 			page 24


 1148      7400
 1149              	.LASF37:
 1150 01a2 474E5520 		.ascii	"GNU C11 5.4.1 20160609 (release) [ARM/embedded-5-br"
 1150      43313120 
 1150      352E342E 
 1150      31203230 
 1150      31363036 
 1151 01d5 616E6368 		.ascii	"anch revision 237715] -mcpu=cortex-m3 -mthumb -g -O"
 1151      20726576 
 1151      6973696F 
 1151      6E203233 
 1151      37373135 
 1152 0208 67202D66 		.ascii	"g -ffunction-sections -ffat-lto-objects\000"
 1152      66756E63 
 1152      74696F6E 
 1152      2D736563 
 1152      74696F6E 
 1153              	.LASF14:
 1154 0230 696E7433 		.ascii	"int32_t\000"
 1154      325F7400 
 1155              	.LASF19:
 1156 0238 73697A65 		.ascii	"sizetype\000"
 1156      74797065 
 1156      00
 1157              	.LASF17:
 1158 0241 63686172 		.ascii	"char\000"
 1158      00
 1159              	.LASF26:
 1160 0246 4C43445F 		.ascii	"LCD_Char_WriteControl\000"
 1160      43686172 
 1160      5F577269 
 1160      7465436F 
 1160      6E74726F 
 1161              	.LASF2:
 1162 025c 73686F72 		.ascii	"short int\000"
 1162      7420696E 
 1162      7400
 1163              	.LASF4:
 1164 0266 5F5F7569 		.ascii	"__uint16_t\000"
 1164      6E743136 
 1164      5F7400
 1165              	.LASF13:
 1166 0271 75696E74 		.ascii	"uint16_t\000"
 1166      31365F74 
 1166      00
 1167              	.LASF7:
 1168 027a 6C6F6E67 		.ascii	"long int\000"
 1168      20696E74 
 1168      00
 1169              	.LASF18:
 1170 0283 6C6F6E67 		.ascii	"long double\000"
 1170      20646F75 
 1170      626C6500 
 1171              	.LASF0:
 1172 028f 7369676E 		.ascii	"signed char\000"
 1172      65642063 
 1172      68617200 
ARM GAS  C:\Users\sucra\AppData\Local\Temp\ccDW7Gmf.s 			page 25


 1173              	.LASF5:
 1174 029b 73686F72 		.ascii	"short unsigned int\000"
 1174      7420756E 
 1174      7369676E 
 1174      65642069 
 1174      6E7400
 1175              	.LASF33:
 1176 02ae 54696D65 		.ascii	"Timer_ReadStatusRegister\000"
 1176      725F5265 
 1176      61645374 
 1176      61747573 
 1176      52656769 
 1177              	.LASF40:
 1178 02c7 4953525F 		.ascii	"ISR_Timer_DAC_Handler\000"
 1178      54696D65 
 1178      725F4441 
 1178      435F4861 
 1178      6E646C65 
 1179              		.ident	"GCC: (GNU Tools for ARM Embedded Processors) 5.4.1 20160609 (release) [ARM/embedded-5-bran
